node   1  (   0,    0) (   4,    3) (   5,    4) (   4,    5) (   2,    5) (   2,    8) (   2,    6) (   2,    4) (   2,    4) (   2,    3)
          (   1,    2) (   1,    1) (   2,    0) (   2,    0) (   2,    0) (   1,    0) (   2,    3) (   2,    3) (   2,    2) (   2,    2)
          (   2,    2) (   2,    3) (   2,    0) (   2,    3) (   2,    3) (   2,    3) (   2,    3) (   2,    3) (   2,    4) (   2,    2)
          (   2,    2) (   2,    1) (   2,    0) (   2,    0) (   2,    0) (   1,    0) (   2,    1) (   1,    0) (   2,    1) (   2,    0)
          (   2,    0) (   2,    0) (   2,    0) (   2,    0) (   0,    0) (   1,    1) (   1,    0) (   1,    0) (   1,    0) (   1,    0)
          (   1,    0) (   0,    0) (   2,    2) (   2,    0) (   2,    0) (   2,    0) (   2,    0) (   2,    0) (   1,    1) (   2,    2)
          (   2,    0) (   2,    0) (   2,    0) (   2,    0) (   1,    0) (   0,    0) (   1,    2) (   2,    1) (   2,    0) (   2,    0)
          (   2,    0) (   2,    0) (   1,    0) (   1,    1) (   1,    0) (   1,    0) (   1,    0) (   1,    0) (   1,    0) (   0,    0)
          (   2,    2) (   2,    0) (   2,    0) (   2,    0) (   2,    0) (   2,    1) (   1,    0) (   2,    2) (   2,    2) (   2,    3)
          (   2,    3) (   2,    3) (   2,    4) (   1,    4) (   2,    1) (   2,    2) (   2,    2) (   2,    2) (   2,    2) (   1,    3)
          (   2,    2) (   2,    1) (   2,    0) (   2,    0) (   2,    0) (   2,    0) (   1,    0) (   2,    1) (   2,    1) (   2,    0)
          (   2,    0) (   2,    1) (   2,    1) (   2,    2) (   2,    2) (   2,    3) (   2,    1) (   2,    1) (   2,    3) (   2,    2)
          (   2,    2) (   2,    2) (   2,    2) (   2,    0) (   2,    0) (   2,    1) (   2,    2) (   2,    2) (   2,    2) (   2,    2)
          (   2,    1) (   2,    1) (   2,    0) (   2,    2) (   2,    3) (   2,    3) (   2,    2) (   2,    4) (   2,    2) (   2,    1)
          (   2,    4) (   2,    2) (   2,    2) (   2,    4) (   2,    3) (   2,    1) (   2,    1) (   2,    1) (   2,    1) (   2,    1)
          (   2,    0) (   2,    2) (   2,    2) (   2,    0) (   2,    1) (   2,    1) (   2,    1) (   2,    1) (   2,    1) (   2,    1)
          (   2,    0) (   2,    1) (   2,    1) (   2,    1) (   2,    1) (   2,    0) (   2,    1) (   2,    0) (   2,    1) (   2,    1)
          (   2,    1) (   2,    1) (   2,    1) (   2,    1) (   2,    0) (   2,    1) (   2,    1) (   2,    1) (   2,    1) (   2,    1)
          (   2,    1) (   2,    0) (   2,    2) (   2,    2) (   2,    2) (   2,    1) (   2,    2) (   2,    2) (   2,    0) (   2,    1)
          (   2,    1) (   2,    1) (   2,    0) (   2,    1) (   2,    1) (   2,    1) (   2,    2) (   2,    1) (   2,    1) (   2,    1)
          (   2,    1) (   2,    2) (   2,    3) (   2,    1) (   2,    3) (   2,    1) (   2,    0) (   2,    3) (   2,    2) (   2,    2)
          (   2,    2) (   2,    3) (   2,    1) (   2,    0) (   2,    1) (   2,    1) (   2,    3) (   2,    1) (   2,    3) (   2,    1)
          (   2,    0) (   2,    1) (   2,    1) (   2,    2) (   2,    1) (   2,    3) (   2,    1) (   2,    0) (   2,    1) (   2,    1)
          (   2,    1) (   2,    1) (   2,    3) (   2,    1) (   2,    0) (   2,    1) (   2,    1) (   2,    1) (   2,    1) (   2,    3)
          (   2,    1) (   2,    0) (   2,    1) (   2,    1) (   2,    1) (   2,    1) (   2,    3) (   2,    1) (   2,    0) (   2,    1)
          (   2,    1) (   2,    1) (   2,    1) (   2,    3) (   2,    1) (   2,    0) (   2,    1) (   2,    1) (   2,    1) (   2,    1)
          (   2,    3) (   2,    1) (   2,    0) (   2,    1) (   2,    1) (   2,    1) (   2,    1) (   2,    3) (   2,    1) (   2,    0)
          (   2,    1) (   2,    1) (   2,    1) (   2,    1) (   2,    3) (   2,    1) (   2,    0) (   2,    1) (   2,    1) (   2,    1)
          (   2,    1) (   2,    3) (   2,    1) (   2,    0) (   2,    1) (   2,    1) (   2,    1) (   2,    1) (   2,    3) (   2,    1)
          (   2,    0) (   2,    1) (   2,    1) (   2,    1) (   2,    1) (   2,    3) (   2,    1) (   2,    0) (   2,    1) (   2,    1)
          (   2,    1) (   2,    1) (   2,    3) (   2,    1) (   2,    0) (   2,    1) (   2,    1) (   2,    1) (   2,    1) (   2,    3)
          (   2,    1) (   2,    0) (   2,    1) (   2,    1) (   2,    1) (   2,    1) (   2,    3) (   2,    1) (   2,    0) (   2,    1)
          (   2,    1) (   2,    1) (   2,    1) (   2,    3) (   2,    1) (   2,    0) (   2,    1) (   2,    1) (   2,    1) (   2,    1)
          (   2,    3) (   2,    1) (   2,    0) (   2,    1) (   2,    1) (   2,    1) (   2,    1) (   2,    3) (   2,    1) (   2,    0)
          (   2,    1) (   2,    1) (   2,    1) (   2,    1) (   2,    3) (   2,    1) (   2,    0) (   2,    1) (   2,    1) (   2,    1)
          (   2,    1) (   2,    3) (   2,    1) (   2,    0) (   2,    1) (   2,    1) (   2,    1) (   2,    1) (   2,    3) (   2,    1)
          (   2,    0) (   2,    1) (   2,    1) (   2,    1) (   2,    1) (   2,    3) (   2,    1) (   2,    0) (   2,    1) (   2,    1)
          (   2,    1) (   2,    1) (   2,    3) (   2,    1) (   2,    0) (   2,    1) (   2,    1) (   2,    1) (   2,    1) (   2,    3)
          (   2,    1) (   2,    0) (   2,    1) (   2,    1) (   2,    1) (   2,    1) (   2,    3) (   2,    1) (   2,    0) (   2,    1)
          (   2,    1) (   2,    1) (   2,    1) (   2,    3) (   2,    1) (   2,    0) (   2,    1) (   2,    1) (   2,    1) (   2,    1)
          (   2,    3) (   2,    1) (   2,    0) (   2,    1) (   2,    1) (   2,    1) (   2,    1) (   2,    3) (   2,    1) (   2,    0)
          (   2,    1) (   2,    1) (   2,    1) (   2,    1) (   2,    3) (   2,    1) (   2,    0) (   2,    1) (   2,    1) (   2,    1)
          (   2,    1) (   2,    3) (   2,    1) (   2,    0) (   2,    1) (   2,    1) (   2,    1) (   2,    1) (   2,    3) (   2,    1)
          (   2,    0) (   2,    1) (   2,    1) (   2,    2) (   2,    1) (   2,    1) (   2,    1) (   2,    1) (   2,    1) (   2,    0)
          (   2,    1) (   2,    1) (   2,    1) (   2,    1) (   2,    1) (   2,    5) (   2,    2) (   2,    3) (   2,    4) (   2,    3)
          (   2,    3) (   2,    3) (   2,    4) (   2,    2) (   2,    0) (   2,    0) (   2,    1) (   2,    1) (   2,    1) (   2,    1)
          (   2,    0) (   2,    1) (   2,    1) (   2,    1) (   2,    1) (   2,    2) (   2,    2) (   2,    1) (   2,    1) (   2,    1)
          (   2,    1) (   2,    1) (   2,    1) (   2,    2) (   2,    1) (   2,    2) (   2,    2) (   2,    2) (   2,    2) (   2,    3)
          (   2,    2) (   2,    1) (   2,    2) (   2,    1) (   2,    1) (   2,    1) (   2,    1) (   2,    1) (   2,    0) (   2,    3)
          (   2,    1) (   2,    1) (   2,    0) (   2,    1) (   2,    1) (   2,    1) (   2,    2) (   2,    2) (   2,    2) (   2,    0)
          (   2,    1) (   2,    2) (   2,    1) (   2,    2) (   2,    2) (   2,    2) (   2,    0) (   2,    1) (   2,    1) (   2,    0)
          (   2,    1) (   2,    1) (   2,    3) (   2,    0) (   2,    3) (   2,    1) (   2,    0) (   2,    1) (   2,    1) (   2,    1)
          (   2,    0) (   2,    1) (   2,    1) (   2,    0) (   2,    1) (   2,    1) (   2,    1) (   2,    0) (   2,    1) (   2,    1)
          (   2,    0) (   2,    1) (   2,    1) (   2,    1) (   2,    0) (   2,    1) (   2,    1) (   2,    0) (   2,    1) (   2,    1)
          (   2,    1) (   2,    0) (   2,    1) (   2,    1) (   2,    0) (   2,    1) (   2,    1) (   2,    1) (   2,    0) (   2,    1)
          (   2,    1) (   2,    0) (   2,    1) (   2,    1) (   2,    1) (   2,    0) (   2,    1) (   2,    1) (   2,    0) (   2,    1)
          (   2,    1) (   2,    1) (   2,    0) (   2,    1) (   2,    1) (   2,    0) (   2,    1) (   2,    1) (   2,    1) (   2,    0)
          (   2,    1) (   2,    1) (   2,    0) (   2,    1) (   2,    1) (   2,    1) (   2,    0) (   2,    1) (   2,    1) (   2,    0)
          (   2,    1) (   2,    1) (   2,    1) (   2,    0) (   2,    1) (   2,    1) (   2,    0) (   2,    1) (   2,    1) (   2,    1)
          (   2,    0) (   2,    1) (   2,    1) (   2,    0) (   2,    1) (   2,    1) (   2,    1) (   2,    0) (   2,    1) (   2,    1)
          (   2,    0) (   2,    1) (   2,    1) (   2,    1) (   2,    0) (   2,    1) (   2,    1) (   2,    0) (   2,    1) (   2,    1)
          (   2,    1) (   2,    0) (   2,    1) (   2,    1) (   2,    0) (   2,    1) (   2,    1) (   2,    1) (   2,    0) (   2,    1)
          (   2,    1) (   2,    0) (   2,    1) (   2,    1) (   2,    1) (   2,    0) (   2,    1) (   2,    1) (   2,    0) (   2,    1)
          (   2,    1) (   2,    1) (   2,    0) (   2,    1) (   2,    1) (   2,    0) (   2,    1) (   2,    1) (   2,    1) (   2,    0)
          (   2,    1) (   2,    1) (   2,    0) (   2,    1) (   2,    1) (   2,    1) (   2,    0) (   2,    1) (   2,    1) (   2,    0)
          (   2,    1) (   2,    1) (   2,    1) (   2,    0) (   2,    1) (   2,    1) (   2,    0) (   2,    1) (   2,    1) (   2,    1)
          (   2,    0) (   2,    1) (   2,    1) (   2,    0) (   2,    1) (   2,    1) (   2,    1) (   2,    0) (   2,    1) (   2,    1)
          (   2,    0) (   2,    1) (   2,    1) (   2,    1) (   2,    0) (   2,    1) (   2,    1) (   2,    0) (   2,    1) (   2,    1)
          (   2,    1) (   2,    0) (   2,    1) (   2,    1) (   2,    0) (   2,    1) (   2,    1) (   2,    1) (   2,    0) (   2,    1)
          (   2,    1) (   2,    0) (   2,    1) (   2,    1) (   2,    1) (   2,    0) (   2,    1) (   2,    1) (   2,    0) (   2,    1)
         
node   1 sent_total   1372  recv_total    782

node   2  (   1,    0) (   0,    0) (   1,    1) (   1,    1) (   2,    1) (   2,    0) (   2,    0) (   2,    0) (   2,    0) (   0,    0)
          (   0,    0) (   0,    0) (   2,    2) (   2,    0) (   1,    1) (   1,    3) (   1,    0) (   1,    0) (   2,    0) (   2,    0)
          (   2,    0) (   0,    0) (   2,    1) (   2,    2) (   2,    1) (   2,    1) (   2,    1) (   2,    1) (   2,    1) (   1,    0)
          (   2,    1) (   2,    1) (   2,    1) (   2,    1) (   2,    3) (   2,    3) (   2,    2) (   2,    2) (   2,    2) (   2,    1)
          (   2,    1) (   2,    1) (   2,    1) (   1,    0) (   2,    2) (   2,    2) (   2,    0) (   2,    2) (   2,    2) (   2,    2)
          (   2,    0) (   2,    2) (   2,    2) (   2,    0) (   2,    2) (   2,    2) (   2,    2) (   2,    0) (   2,    2) (   2,    2)
          (   2,    0) (   2,    2) (   2,    2) (   2,    2) (   2,    0) (   2,    2) (   2,    2) (   2,    0) (   2,    2) (   2,    2)
          (   2,    2) (   2,    0) (   2,    2) (   2,    2) (   2,    0) (   2,    2) (   2,    2) (   2,    2) (   2,    0) (   2,    2)
          (   2,    2) (   2,    0) (   2,    2) (   2,    2) (   2,    2) (   1,    0) (   2,    0) (   2,    2) (   2,    3) (   2,    2)
          (   2,    2) (   2,    2) (   2,    2) (   2,    0) (   0,    0) (   2,    1) (   2,    1) (   2,    1) (   1,    1) (   2,    1)
          (   2,    1) (   2,    2) (   2,    1) (   2,    0) (   2,    0) (   2,    0) (   2,    0) (   1,    0) (   2,    1) (   2,    1)
          (   2,    1) (   2,    1) (   2,    1) (   2,    2) (   2,    2) (   2,    0) (   2,    1) (   2,    1) (   2,    1) (   2,    1)
          (   2,    1) (   2,    1) (   2,    0) (   2,    0) (   2,    0) (   2,    2) (   2,    2) (   2,    2) (   2,    2) (   2,    3)
          (   2,    1) (   2,    4) (   2,    3) (   2,    2) (   2,    2) (   2,    4) (   2,    6) (   2,    0) (   2,    1) (   2,    5)
          (   2,    1) (   2,    1) (   2,    1) (   2,    3) (   2,    3) (   2,    3) (   2,    2) (   2,    2) (   2,    2) (   2,    2)
          (   2,    5) (   2,    1) (   2,    4) (   2,    4) (   2,    0) (   2,    0) (   2,    1) (   2,    3) (   2,    1) (   2,    0)
          (   2,    3) (   2,    3) (   2,    2) (   2,    3) (   2,    4) (   2,    3) (   2,    2) (   2,    3) (   2,    1) (   2,    1)
          (   2,    1) (   2,    3) (   2,    2) (   2,    3) (   2,    1) (   2,    3) (   2,    3) (   2,    3) (   2,    5) (   2,    2)
          (   2,    2) (   2,    2) (   2,    1) (   2,    1) (   2,    1) (   2,    3) (   2,    0) (   2,    0) (   2,    2) (   2,    3)
          (   2,    3) (   2,    2) (   2,    4) (   2,    1) (   2,    1) (   2,    2) (   2,    1) (   2,    2) (   2,    2) (   2,    4)
          (   2,    2) (   2,    0) (   2,    1) (   2,    2) (   2,    1) (   2,    1) (   2,    3) (   2,    0) (   2,    0) (   2,    2)
          (   2,    1) (   2,    2) (   2,    2) (   2,    4) (   2,    1) (   2,    0) (   2,    1) (   2,    1) (   2,    1) (   2,    1)
          (   2,    3) (   2,    0) (   2,    0) (   2,    1) (   2,    1) (   2,    1) (   2,    1) (   2,    3) (   2,    0) (   2,    0)
          (   2,    1) (   2,    1) (   2,    1) (   2,    1) (   2,    3) (   2,    0) (   2,    0) (   2,    1) (   2,    1) (   2,    1)
          (   2,    1) (   2,    3) (   2,    0) (   2,    0) (   2,    1) (   2,    1) (   2,    1) (   2,    1) (   2,    3) (   2,    0)
          (   2,    0) (   2,    1) (   2,    1) (   2,    1) (   2,    1) (   2,    3) (   2,    0) (   2,    0) (   2,    1) (   2,    1)
          (   2,    1) (   2,    1) (   2,    3) (   2,    0) (   2,    0) (   2,    1) (   2,    1) (   2,    1) (   2,    1) (   2,    3)
          (   2,    0) (   2,    0) (   2,    1) (   2,    1) (   2,    1) (   2,    1) (   2,    3) (   2,    0) (   2,    0) (   2,    1)
          (   2,    1) (   2,    1) (   2,    1) (   2,    3) (   2,    0) (   2,    0) (   2,    1) (   2,    1) (   2,    1) (   2,    1)
          (   2,    3) (   2,    0) (   2,    0) (   2,    1) (   2,    1) (   2,    1) (   2,    1) (   2,    3) (   2,    0) (   2,    0)
          (   2,    1) (   2,    1) (   2,    1) (   2,    1) (   2,    3) (   2,    0) (   2,    0) (   2,    1) (   2,    1) (   2,    1)
          (   2,    1) (   2,    3) (   2,    0) (   2,    0) (   2,    1) (   2,    1) (   2,    1) (   2,    1) (   2,    3) (   2,    0)
          (   2,    0) (   2,    1) (   2,    1) (   2,    1) (   2,    1) (   2,    3) (   2,    0) (   2,    0) (   2,    1) (   2,    1)
          (   2,    1) (   2,    1) (   2,    3) (   2,    0) (   2,    0) (   2,    1) (   2,    1) (   2,    1) (   2,    1) (   2,    3)
          (   2,    0) (   2,    0) (   2,    1) (   2,    1) (   2,    1) (   2,    1) (   2,    3) (   2,    0) (   2,    0) (   2,    1)
          (   2,    1) (   2,    1) (   2,    1) (   2,    3) (   2,    0) (   2,    0) (   2,    1) (   2,    1) (   2,    1) (   2,    1)
          (   2,    3) (   2,    0) (   2,    0) (   2,    1) (   2,    1) (   2,    1) (   2,    1) (   2,    3) (   2,    0) (   2,    0)
          (   2,    1) (   2,    1) (   2,    1) (   2,    1) (   2,    3) (   2,    0) (   2,    0) (   2,    1) (   2,    1) (   2,    1)
          (   2,    1) (   2,    3) (   2,    0) (   2,    0) (   2,    1) (   2,    1) (   2,    1) (   2,    1) (   2,    3) (   2,    0)
          (   2,    0) (   2,    1) (   2,    1) (   2,    1) (   2,    1) (   2,    3) (   2,    0) (   2,    0) (   2,    1) (   2,    1)
          (   2,    1) (   2,    1) (   2,    3) (   2,    0) (   2,    0) (   2,    1) (   2,    1) (   2,    1) (   2,    1) (   2,    3)
          (   2,    0) (   2,    0) (   2,    1) (   2,    1) (   2,    1) (   2,    1) (   2,    3) (   2,    0) (   2,    0) (   2,    1)
          (   2,    1) (   2,    1) (   2,    1) (   2,    3) (   2,    0) (   2,    0) (   2,    1) (   2,    1) (   2,    1) (   2,    1)
          (   2,    3) (   2,    0) (   2,    0) (   2,    1) (   2,    1) (   2,    2) (   2,    1) (   2,    1) (   2,    1) (   2,    2)
          (   2,    1) (   2,    1) (   2,    1) (   2,    0) (   2,    1) (   2,    1) (   2,    1) (   2,    1) (   2,    2) (   2,    1)
          (   2,    0) (   2,    1) (   2,    2) (   2,    1) (   2,    1) (   2,    1) (   2,    2) (   2,    2) (   2,    3) (   2,    4)
          (   2,    3) (   2,    1) (   2,    2) (   2,    2) (   2,    0) (   2,    1) (   2,    2) (   2,    2) (   2,    2) (   2,    2)
          (   2,    2) (   2,    2) (   2,    1) (   2,    0) (   2,    1) (   2,    1) (   2,    2) (   2,    2) (   2,    1) (   2,    2)
          (   2,    3) (   2,    2) (   2,    3) (   2,    5) (   2,    5) (   2,    4) (   2,    6) (   2,    5) (   2,    3) (   2,    1)
          (   2,    2) (   2,    4) (   2,    1) (   2,    1) (   2,    1) (   2,    1) (   2,    1) (   2,    1) (   2,    3) (   2,    1)
          (   2,    0) (   2,    1) (   2,    1) (   2,    1) (   2,    1) (   2,    3) (   2,    3) (   2,    1) (   2,    2) (   2,    2)
          (   2,    2) (   2,    2) (   2,    4) (   2,    3) (   2,    1) (   2,    1) (   2,    1) (   2,    2) (   2,    2) (   2,    3)
          (   2,    1) (   2,    1) (   2,    1) (   2,    1) (   2,    2) (   2,    2) (   2,    3) (   2,    1) (   2,    1) (   2,    1)
          (   2,    1) (   2,    2) (   2,    2) (   2,    3) (   2,    1) (   2,    1) (   2,    1) (   2,    1) (   2,    2) (   2,    2)
          (   2,    3) (   2,    1) (   2,    1) (   2,    1) (   2,    1) (   2,    2) (   2,    2) (   2,    3) (   2,    1) (   2,    1)
          (   2,    1) (   2,    1) (   2,    2) (   2,    2) (   2,    3) (   2,    1) (   2,    1) (   2,    1) (   2,    1) (   2,    2)
          (   2,    2) (   2,    3) (   2,    1) (   2,    1) (   2,    1) (   2,    1) (   2,    2) (   2,    2) (   2,    3) (   2,    1)
          (   2,    1) (   2,    1) (   2,    1) (   2,    2) (   2,    2) (   2,    3) (   2,    1) (   2,    1) (   2,    1) (   2,    1)
          (   2,    2) (   2,    2) (   2,    3) (   2,    1) (   2,    1) (   2,    1) (   2,    1) (   2,    2) (   2,    2) (   2,    3)
          (   2,    1) (   2,    1) (   2,    1) (   2,    1) (   2,    2) (   2,    2) (   2,    3) (   2,    1) (   2,    1) (   2,    1)
          (   2,    1) (   2,    2) (   2,    2) (   2,    3) (   2,    1) (   2,    1) (   2,    1) (   2,    1) (   2,    2) (   2,    2)
          (   2,    3) (   2,    1) (   2,    1) (   2,    1) (   2,    1) (   2,    2) (   2,    2) (   2,    3) (   2,    1) (   2,    1)
          (   2,    1) (   2,    1) (   2,    2) (   2,    2) (   2,    3) (   2,    1) (   2,    1) (   2,    1) (   2,    1) (   2,    2)
          (   2,    2) (   2,    3) (   2,    1) (   2,    1) (   2,    1) (   2,    1) (   2,    2) (   2,    2) (   2,    3) (   2,    1)
          (   2,    1) (   2,    1) (   2,    1) (   2,    2) (   2,    2) (   2,    3) (   2,    1) (   2,    1) (   2,    1) (   2,    1)
          (   2,    2) (   2,    2) (   2,    3) (   2,    1) (   2,    1) (   2,    1) (   2,    1) (   2,    2) (   2,    2) (   2,    3)
          (   2,    1) (   2,    1) (   2,    1) (   2,    1) (   2,    2) (   2,    2) (   2,    3) (   2,    1) (   2,    1) (   2,    1)
          (   2,    1) (   2,    2) (   2,    2) (   2,    3) (   2,    1) (   2,    1) (   2,    1) (   2,    1) (   2,    2) (   2,    2)
          (   2,    3) (   2,    1) (   2,    1) (   2,    1) (   2,    1) (   2,    2) (   2,    2) (   2,    3) (   2,    1) (   2,    1)
          (   2,    1) (   2,    1) (   2,    2) (   2,    2) (   2,    3) (   2,    1) (   2,    1) (   2,    1) (   2,    1) (   2,    2)
         
node   2 sent_total   1376  recv_total    976

node   3  (   1,    0) (   0,    0) (   0,    1) (   1,    0) (   1,    0) (   1,    0) (   0,    0) (   0,    0) (   0,    0) (   0,    0)
          (   0,    0) (   0,    0) (   0,    0) (   0,    0) (   0,    0) (   2,    3) (   2,    3) (   2,    3) (   2,    3) (   2,    2)
          (   2,    3) (   2,    1) (   2,    3) (   2,    4) (   2,    3) (   2,    3) (   2,    3) (   2,    3) (   2,    1) (   2,    4)
          (   2,    4) (   2,    1) (   2,    0) (   2,    0) (   2,    0) (   2,    2) (   1,    1) (   2,    2) (   2,    1) (   2,    0)
          (   2,    0) (   2,    0) (   2,    1) (   1,    1) (   2,    2) (   2,    2) (   2,    3) (   2,    3) (   2,    3) (   2,    4)
          (   1,    4) (   2,    2) (   2,    3) (   2,    2) (   2,    2) (   2,    2) (   2,    3) (   2,    3) (   1,    0) (   2,    3)
          (   2,    3) (   2,    2) (   2,    2) (   2,    3) (   2,    3) (   1,    0) (   2,    2) (   2,    4) (   2,    2) (   2,    2)
          (   2,    3) (   2,    3) (   1,    0) (   1,    1) (   2,    4) (   2,    3) (   2,    2) (   2,    3) (   2,    3) (   2,    0)
          (   1,    1) (   2,    3) (   2,    3) (   2,    2) (   2,    3) (   2,    3) (   2,    0) (   1,    1) (   2,    1) (   2,    0)
          (   2,    0) (   2,    0) (   2,    1) (   1,    0) (   2,    2) (   2,    1) (   2,    1) (   2,    2) (   2,    2) (   2,    3)
          (   1,    3) (   0,    0) (   0,    0) (   0,    0) (   0,    0) (   0,    0) (   0,    0) (   0,    0) (   0,    0) (   0,    0)
          (   0,    0) (   0,    0) (   0,    0) (   0,    0) (   0,    0) (   0,    0) (   0,    0) (   0,    0) (   0,    0) (   0,    0)
          (   0,    0) (   0,    0) (   0,    0) (   0,    0) (   0,    0) (   0,    0) (   0,    0) (   0,    0) (   0,    0) (   0,    0)
          (   0,    0) (   0,    0) (   0,    0) (   0,    0) (   0,    0) (   0,    0) (   0,    0) (   0,    0) (   0,    0) (   0,    0)
          (   0,    0) (   0,    0) (   0,    0) (   0,    0) (   0,    0) (   0,    0) (   0,    0) (   0,    0) (   0,    0) (   0,    0)
          (   0,    0) (   0,    0) (   0,    0) (   0,    0) (   0,    0) (   0,    0) (   0,    0) (   0,    0) (   0,    0) (   0,    0)
          (   0,    0) (   0,    0) (   0,    0) (   0,    0) (   0,    0) (   0,    0) (   0,    0) (   0,    0) (   0,    0) (   0,    0)
          (   0,    0) (   0,    0) (   0,    0) (   0,    0) (   0,    0) (   0,    0) (   0,    0) (   0,    0) (   0,    0) (   0,    0)
          (   0,    0) (   0,    0) (   0,    0) (   0,    0) (   0,    0) (   0,    0) (   0,    0) (   0,    0) (   0,    0) (   0,    0)
          (   0,    0) (   0,    0) (   0,    0) (   0,    0) (   0,    0) (   0,    0) (   0,    0) (   0,    0) (   0,    0) (   0,    0)
          (   0,    0) (   0,    0) (   0,    0) (   0,    0) (   0,    0) (   0,    0) (   0,    0) (   0,    0) (   0,    0) (   0,    0)
          (   0,    0) (   0,    0) (   0,    0) (   0,    0) (   0,    0) (   0,    0) (   0,    0) (   0,    0) (   0,    0) (   0,    0)
          (   0,    0) (   0,    0) (   0,    0) (   0,    0) (   0,    0) (   0,    0) (   0,    0) (   0,    0) (   0,    0) (   0,    0)
          (   0,    0) (   0,    0) (   0,    0) (   0,    0) (   0,    0) (   0,    0) (   0,    0) (   0,    0) (   0,    0) (   0,    0)
          (   0,    0) (   0,    0) (   0,    0) (   0,    0) (   0,    0) (   0,    0) (   0,    0) (   0,    0) (   0,    0) (   0,    0)
          (   0,    0) (   0,    0) (   0,    0) (   0,    0) (   0,    0) (   0,    0) (   0,    0) (   0,    0) (   0,    0) (   0,    0)
          (   0,    0) (   0,    0) (   0,    0) (   0,    0) (   0,    0) (   0,    0) (   0,    0) (   0,    0) (   0,    0) (   0,    0)
          (   0,    0) (   0,    0) (   0,    0) (   0,    0) (   0,    0) (   0,    0) (   0,    0) (   0,    0) (   0,    0) (   0,    0)
          (   0,    0) (   0,    0) (   0,    0) (   0,    0) (   0,    0) (   0,    0) (   0,    0) (   0,    0) (   0,    0) (   0,    0)
          (   0,    0) (   0,    0) (   0,    0) (   0,    0) (   0,    0) (   0,    0) (   0,    0) (   0,    0) (   0,    0) (   0,    0)
          (   0,    0) (   0,    0) (   0,    0) (   0,    0) (   0,    0) (   0,    0) (   0,    0) (   0,    0) (   0,    0) (   0,    0)
          (   0,    0) (   0,    0) (   0,    0) (   0,    0) (   0,    0) (   0,    0) (   0,    0) (   0,    0) (   0,    0) (   0,    0)
          (   0,    0) (   0,    0) (   0,    0) (   0,    0) (   0,    0) (   0,    0) (   0,    0) (   0,    0) (   0,    0) (   0,    0)
          (   0,    0) (   0,    0) (   0,    0) (   0,    0) (   0,    0) (   0,    0) (   0,    0) (   0,    0) (   0,    0) (   0,    0)
          (   0,    0) (   0,    0) (   0,    0) (   0,    0) (   0,    0) (   0,    0) (   0,    0) (   0,    0) (   0,    0) (   0,    0)
          (   0,    0) (   0,    0) (   0,    0) (   0,    0) (   0,    0) (   0,    0) (   0,    0) (   0,    0) (   0,    0) (   0,    0)
          (   0,    0) (   0,    0) (   0,    0) (   0,    0) (   0,    0) (   0,    0) (   0,    0) (   0,    0) (   0,    0) (   0,    0)
          (   0,    0) (   0,    0) (   0,    0) (   0,    0) (   0,    0) (   0,    0) (   0,    0) (   0,    0) (   0,    0) (   0,    0)
          (   0,    0) (   0,    0) (   0,    0) (   0,    0) (   0,    0) (   0,    0) (   0,    0) (   0,    0) (   0,    0) (   0,    0)
          (   0,    0) (   0,    0) (   0,    0) (   0,    0) (   0,    0) (   0,    0) (   0,    0) (   0,    0) (   0,    0) (   0,    0)
          (   0,    0) (   0,    0) (   0,    0) (   0,    0) (   0,    0) (   0,    0) (   0,    0) (   0,    0) (   0,    0) (   0,    0)
          (   0,    0) (   0,    0) (   0,    0) (   0,    0) (   0,    0) (   0,    0) (   0,    0) (   0,    0) (   0,    0) (   0,    0)
          (   0,    0) (   0,    0) (   0,    0) (   0,    0) (   0,    0) (   0,    0) (   0,    0) (   0,    0) (   0,    0) (   0,    0)
          (   0,    0) (   0,    0) (   0,    0) (   0,    0) (   0,    0) (   0,    0) (   0,    0) (   0,    0) (   0,    0) (   0,    0)
          (   0,    0) (   0,    0) (   0,    0) (   0,    0) (   0,    0) (   0,    0) (   0,    0) (   0,    0) (   0,    0) (   0,    0)
          (   0,    0) (   0,    0) (   0,    0) (   0,    0) (   0,    0) (   0,    0) (   0,    0) (   0,    0) (   0,    0) (   0,    0)
          (   0,    0) (   0,    0) (   0,    0) (   0,    0) (   0,    0) (   0,    0) (   0,    0) (   0,    0) (   0,    0) (   0,    0)
          (   0,    0) (   0,    0) (   0,    0) (   0,    0) (   0,    0) (   0,    0) (   0,    0) (   0,    0) (   0,    0) (   0,    0)
          (   0,    0) (   0,    0) (   0,    0) (   0,    0) (   0,    0) (   0,    0) (   0,    0) (   0,    0) (   0,    0) (   0,    0)
          (   0,    0) (   0,    0) (   0,    0) (   0,    0) (   0,    0) (   0,    0) (   0,    0) (   0,    0) (   0,    0) (   0,    0)
          (   0,    0) (   0,    0) (   0,    0) (   0,    0) (   0,    0) (   0,    0) (   0,    0) (   0,    0) (   0,    0) (   0,    0)
          (   0,    0) (   0,    0) (   0,    0) (   0,    0) (   0,    0) (   0,    0) (   0,    0) (   0,    0) (   0,    0) (   0,    0)
          (   0,    0) (   0,    0) (   0,    0) (   0,    0) (   0,    0) (   0,    0) (   0,    0) (   0,    0) (   0,    0) (   0,    0)
          (   0,    0) (   0,    0) (   0,    0) (   0,    0) (   0,    0) (   0,    0) (   0,    0) (   0,    0) (   0,    0) (   0,    0)
          (   0,    0) (   0,    0) (   0,    0) (   0,    0) (   0,    0) (   0,    0) (   0,    0) (   0,    0) (   0,    0) (   0,    0)
          (   0,    0) (   0,    0) (   0,    0) (   0,    0) (   0,    0) (   0,    0) (   0,    0) (   0,    0) (   0,    0) (   0,    0)
          (   0,    0) (   0,    0) (   0,    0) (   0,    0) (   0,    0) (   0,    0) (   0,    0) (   0,    0) (   0,    0) (   0,    0)
          (   0,    0) (   0,    0) (   0,    0) (   0,    0) (   0,    0) (   0,    0) (   0,    0) (   0,    0) (   0,    0) (   0,    0)
          (   0,    0) (   0,    0) (   0,    0) (   0,    0) (   0,    0) (   0,    0) (   0,    0) (   0,    0) (   0,    0) (   0,    0)
          (   0,    0) (   0,    0) (   0,    0) (   0,    0) (   0,    0) (   0,    0) (   0,    0) (   0,    0) (   0,    0) (   0,    0)
          (   0,    0) (   0,    0) (   0,    0) (   0,    0) (   0,    0) (   0,    0) (   0,    0) (   0,    0) (   0,    0) (   0,    0)
          (   0,    0) (   0,    0) (   0,    0) (   0,    0) (   0,    0) (   0,    0) (   0,    0) (   0,    0) (   0,    0) (   0,    0)
          (   0,    0) (   0,    0) (   0,    0) (   0,    0) (   0,    0) (   0,    0) (   0,    0) (   0,    0) (   0,    0) (   0,    0)
          (   0,    0) (   0,    0) (   0,    0) (   0,    0) (   0,    0) (   0,    0) (   0,    0) (   0,    0) (   0,    0) (   0,    0)
          (   0,    0) (   0,    0) (   0,    0) (   0,    0) (   0,    0) (   0,    0) (   0,    0) (   0,    0) (   0,    0) (   0,    0)
          (   0,    0) (   0,    0) (   0,    0) (   0,    0) (   0,    0) (   0,    0) (   0,    0) (   0,    0) (   0,    0) (   0,    0)
          (   0,    0) (   0,    0) (   0,    0) (   0,    0) (   0,    0) (   0,    0) (   0,    0) (   0,    0) (   0,    0) (   0,    0)
          (   0,    0) (   0,    0) (   0,    0) (   0,    0) (   0,    0) (   0,    0) (   0,    0) (   0,    0) (   0,    0) (   0,    0)
          (   0,    0) (   0,    0) (   0,    0) (   0,    0) (   0,    0) (   0,    0) (   0,    0) (   0,    0) (   0,    0) (   0,    0)
          (   0,    0) (   0,    0) (   0,    0) (   0,    0) (   0,    0) (   0,    0) (   0,    0) (   0,    0) (   0,    0) (   0,    0)
         
node   3 sent_total    165  recv_total    174

node   4  (   1,    0) (   0,    0) (   2,    2) (   2,    0) (   2,    0) (   2,    1) (   2,    2) (   2,    1) (   2,    1) (   2,    1)
          (   2,    1) (   2,    1) (   1,    2) (   2,    4) (   2,    3) (   2,    1) (   2,    1) (   2,    0) (   1,    0) (   2,    0)
          (   1,    0) (   0,    0) (   0,    0) (   0,    0) (   0,    0) (   0,    0) (   0,    0) (   0,    0) (   0,    0) (   0,    0)
          (   0,    0) (   0,    0) (   0,    0) (   0,    0) (   0,    0) (   0,    0) (   0,    0) (   0,    0) (   0,    0) (   0,    0)
          (   0,    0) (   0,    0) (   0,    0) (   0,    0) (   0,    0) (   0,    0) (   0,    0) (   0,    0) (   0,    0) (   0,    0)
          (   0,    0) (   0,    0) (   0,    0) (   0,    0) (   0,    0) (   0,    0) (   0,    0) (   0,    0) (   0,    0) (   0,    0)
          (   0,    0) (   0,    0) (   0,    0) (   0,    0) (   0,    0) (   0,    0) (   0,    0) (   0,    0) (   0,    0) (   0,    0)
          (   0,    0) (   0,    0) (   0,    0) (   0,    0) (   0,    0) (   0,    0) (   0,    0) (   0,    0) (   0,    0) (   0,    0)
          (   0,    0) (   0,    0) (   0,    0) (   0,    0) (   0,    0) (   1,    1) (   2,    2) (   2,    2) (   2,    0) (   2,    0)
          (   2,    0) (   2,    0) (   1,    1) (   1,    1) (   1,    2) (   2,    2) (   2,    1) (   2,    0) (   1,    0) (   1,    0)
          (   2,    1) (   2,    1) (   2,    1) (   2,    3) (   2,    3) (   2,    3) (   2,    5) (   2,    5) (   2,    2) (   2,    0)
          (   2,    1) (   2,    0) (   2,    0) (   2,    0) (   2,    1) (   2,    2) (   2,    2) (   2,    1) (   2,    0) (   2,    0)
          (   2,    0) (   2,    0) (   2,    0) (   2,    2) (   2,    2) (   2,    0) (   2,    0) (   2,    0) (   2,    0) (   2,    0)
          (   2,    2) (   2,    2) (   2,    2) (   2,    2) (   2,    0) (   2,    0) (   2,    1) (   2,    2) (   2,    0) (   2,    0)
          (   2,    0) (   2,    0) (   2,    0) (   2,    1) (   2,    0) (   2,    1) (   2,    2) (   2,    2) (   2,    2) (   2,    2)
          (   2,    1) (   2,    1) (   2,    0) (   2,    1) (   2,    2) (   2,    3) (   2,    3) (   2,    3) (   2,    4) (   2,    3)
          (   2,    1) (   2,    1) (   2,    2) (   2,    2) (   2,    1) (   2,    1) (   2,    2) (   2,    2) (   2,    3) (   2,    3)
          (   2,    3) (   2,    3) (   2,    1) (   2,    0) (   2,    1) (   2,    1) (   2,    1) (   2,    1) (   2,    1) (   2,    1)
          (   2,    1) (   2,    1) (   2,    1) (   2,    1) (   2,    1) (   2,    3) (   2,    5) (   2,    1) (   2,    1) (   2,    2)
          (   2,    1) (   2,    3) (   2,    3) (   2,    5) (   2,    6) (   2,    5) (   2,    3) (   2,    0) (   2,    3) (   2,    1)
          (   2,    1) (   2,    3) (   2,    1) (   2,    1) (   2,    2) (   2,    5) (   2,    3) (   2,    6) (   2,    5) (   2,    0)
          (   2,    1) (   2,    0) (   2,    3) (   2,    1) (   2,    5) (   2,    3) (   2,    0) (   2,    1) (   2,    0) (   2,    3)
          (   2,    1) (   2,    5) (   2,    3) (   2,    0) (   2,    1) (   2,    0) (   2,    3) (   2,    1) (   2,    5) (   2,    3)
          (   2,    0) (   2,    1) (   2,    0) (   2,    3) (   2,    1) (   2,    5) (   2,    3) (   2,    0) (   2,    1) (   2,    0)
          (   2,    3) (   2,    1) (   2,    5) (   2,    3) (   2,    0) (   2,    1) (   2,    0) (   2,    3) (   2,    1) (   2,    5)
          (   2,    3) (   2,    0) (   2,    1) (   2,    0) (   2,    3) (   2,    1) (   2,    5) (   2,    3) (   2,    0) (   2,    1)
          (   2,    0) (   2,    3) (   2,    1) (   2,    5) (   2,    3) (   2,    0) (   2,    1) (   2,    0) (   2,    3) (   2,    1)
          (   2,    5) (   2,    3) (   2,    0) (   2,    1) (   2,    0) (   2,    3) (   2,    1) (   2,    5) (   2,    3) (   2,    0)
          (   2,    1) (   2,    0) (   2,    3) (   2,    1) (   2,    5) (   2,    3) (   2,    0) (   2,    1) (   2,    0) (   2,    3)
          (   2,    1) (   2,    5) (   2,    3) (   2,    0) (   2,    1) (   2,    0) (   2,    3) (   2,    1) (   2,    5) (   2,    3)
          (   2,    0) (   2,    1) (   2,    0) (   2,    3) (   2,    1) (   2,    5) (   2,    3) (   2,    0) (   2,    1) (   2,    0)
          (   2,    3) (   2,    1) (   2,    5) (   2,    3) (   2,    0) (   2,    1) (   2,    0) (   2,    3) (   2,    1) (   2,    5)
          (   2,    3) (   2,    0) (   2,    1) (   2,    0) (   2,    3) (   2,    1) (   2,    5) (   2,    3) (   2,    0) (   2,    1)
          (   2,    0) (   2,    3) (   2,    1) (   2,    5) (   2,    3) (   2,    0) (   2,    1) (   2,    0) (   2,    3) (   2,    1)
          (   2,    5) (   2,    3) (   2,    0) (   2,    1) (   2,    0) (   2,    3) (   2,    1) (   2,    5) (   2,    3) (   2,    0)
          (   2,    1) (   2,    0) (   2,    3) (   2,    1) (   2,    5) (   2,    3) (   2,    0) (   2,    1) (   2,    0) (   2,    3)
          (   2,    1) (   2,    5) (   2,    3) (   2,    0) (   2,    1) (   2,    0) (   2,    3) (   2,    1) (   2,    5) (   2,    3)
          (   2,    0) (   2,    1) (   2,    0) (   2,    3) (   2,    1) (   2,    5) (   2,    3) (   2,    0) (   2,    1) (   2,    0)
          (   2,    3) (   2,    1) (   2,    5) (   2,    3) (   2,    0) (   2,    1) (   2,    0) (   2,    3) (   2,    1) (   2,    5)
          (   2,    3) (   2,    0) (   2,    1) (   2,    0) (   2,    3) (   2,    1) (   2,    5) (   2,    3) (   2,    0) (   2,    1)
          (   2,    0) (   2,    3) (   2,    1) (   2,    5) (   2,    3) (   2,    0) (   2,    1) (   2,    0) (   2,    3) (   2,    1)
          (   2,    5) (   2,    3) (   2,    0) (   2,    1) (   2,    0) (   2,    3) (   2,    1) (   2,    5) (   2,    3) (   2,    0)
          (   2,    1) (   2,    0) (   2,    3) (   2,    1) (   2,    5) (   2,    3) (   2,    0) (   2,    1) (   2,    0) (   2,    3)
          (   2,    1) (   2,    5) (   2,    3) (   2,    4) (   2,    4) (   2,    2) (   2,    2) (   2,    3) (   2,    3) (   2,    4)
          (   2,    4) (   2,    4) (   2,    4) (   2,    4) (   2,    4) (   2,    2) (   2,    2) (   2,    3) (   2,    2) (   2,    2)
          (   2,    2) (   2,    2) (   2,    0) (   2,    0) (   2,    0) (   2,    2) (   2,    2) (   2,    2) (   2,    0) (   2,    0)
          (   2,    1) (   2,    1) (   2,    1) (   2,    1) (   2,    3) (   2,    3) (   2,    0) (   2,    0) (   2,    2) (   2,    2)
          (   2,    2) (   2,    2) (   2,    8) (   2,    4) (   2,    5) (   2,    2) (   2,    0) (   2,    0) (   2,    0) (   2,    0)
          (   2,    0) (   2,    3) (   2,    4) (   2,    4) (   2,    4) (   2,    4) (   2,    2) (   2,    3) (   2,    2) (   2,    3)
          (   2,    3) (   2,    3) (   2,    3) (   2,    3) (   2,    1) (   2,    2) (   2,    2) (   2,    2) (   2,    2) (   2,    0)
          (   2,    3) (   2,    1) (   2,    1) (   2,    1) (   2,    1) (   2,    0) (   1,    0) (   2,    3) (   2,    1) (   2,    1)
          (   2,    1) (   2,    1) (   2,    0) (   2,    2) (   2,    2) (   2,    3) (   2,    2) (   2,    2) (   2,    2) (   2,    1)
          (   2,    2) (   2,    3) (   2,    1) (   2,    1) (   2,    2) (   2,    2) (   2,    1) (   2,    2) (   2,    3) (   2,    1)
          (   2,    1) (   2,    2) (   2,    2) (   2,    1) (   2,    2) (   2,    3) (   2,    1) (   2,    1) (   2,    2) (   2,    2)
          (   2,    1) (   2,    2) (   2,    3) (   2,    1) (   2,    1) (   2,    2) (   2,    2) (   2,    1) (   2,    2) (   2,    3)
          (   2,    1) (   2,    1) (   2,    2) (   2,    2) (   2,    1) (   2,    2) (   2,    3) (   2,    1) (   2,    1) (   2,    2)
          (   2,    2) (   2,    1) (   2,    2) (   2,    3) (   2,    1) (   2,    1) (   2,    2) (   2,    2) (   2,    1) (   2,    2)
          (   2,    3) (   2,    1) (   2,    1) (   2,    2) (   2,    2) (   2,    1) (   2,    2) (   2,    3) (   2,    1) (   2,    1)
          (   2,    2) (   2,    2) (   2,    1) (   2,    2) (   2,    3) (   2,    1) (   2,    1) (   2,    2) (   2,    2) (   2,    1)
          (   2,    2) (   2,    3) (   2,    1) (   2,    1) (   2,    2) (   2,    2) (   2,    1) (   2,    2) (   2,    3) (   2,    1)
          (   2,    1) (   2,    2) (   2,    2) (   2,    1) (   2,    2) (   2,    3) (   2,    1) (   2,    1) (   2,    2) (   2,    2)
          (   2,    1) (   2,    2) (   2,    3) (   2,    1) (   2,    1) (   2,    2) (   2,    2) (   2,    1) (   2,    2) (   2,    3)
          (   2,    1) (   2,    1) (   2,    2) (   2,    2) (   2,    1) (   2,    2) (   2,    3) (   2,    1) (   2,    1) (   2,    2)
          (   2,    2) (   2,    1) (   2,    2) (   2,    3) (   2,    1) (   2,    1) (   2,    2) (   2,    2) (   2,    1) (   2,    2)
          (   2,    3) (   2,    1) (   2,    1) (   2,    2) (   2,    2) (   2,    1) (   2,    2) (   2,    3) (   2,    1) (   2,    1)
          (   2,    2) (   2,    2) (   2,    1) (   2,    2) (   2,    3) (   2,    1) (   2,    1) (   2,    2) (   2,    2) (   2,    1)
          (   2,    2) (   2,    3) (   2,    1) (   2,    1) (   2,    2) (   2,    2) (   2,    1) (   2,    2) (   2,    3) (   2,    1)
          (   2,    1) (   2,    2) (   2,    2) (   2,    1) (   2,    2) (   2,    3) (   2,    1) (   2,    1) (   2,    2) (   2,    2)
          (   2,    1) (   2,    2) (   2,    3) (   2,    1) (   2,    1) (   2,    2) (   2,    2) (   2,    1) (   2,    2) (   2,    3)
          (   2,    1) (   2,    1) (   2,    2) (   2,    2) (   2,    1) (   2,    2) (   2,    3) (   2,    1) (   2,    1) (   2,    2)
         
node   4 sent_total   1259  recv_total   1118

node   5  (   0,    0) (   1,    0) (   0,    0) (   1,    1) (   1,    0) (   2,    1) (   2,    3) (   2,    3) (   2,    3) (   2,    3)
          (   2,    4) (   2,    4) (   2,    4) (   2,    2) (   2,    3) (   2,    1) (   2,    4) (   2,    5) (   2,    5) (   2,    5)
          (   2,    4) (   2,    4) (   2,    3) (   2,    0) (   2,    2) (   2,    2) (   2,    2) (   2,    2) (   2,    2) (   2,    3)
          (   2,    1) (   2,    3) (   2,    2) (   2,    1) (   2,    1) (   2,    1) (   2,    1) (   2,    1) (   2,    1) (   2,    1)
          (   2,    0) (   2,    0) (   2,    0) (   2,    3) (   2,    3) (   2,    1) (   2,    1) (   2,    0) (   2,    0) (   2,    0)
          (   2,    1) (   2,    1) (   2,    1) (   2,    2) (   2,    1) (   2,    1) (   2,    1) (   2,    2) (   2,    2) (   2,    2)
          (   2,    2) (   2,    1) (   2,    1) (   2,    1) (   2,    2) (   2,    2) (   2,    1) (   2,    2) (   2,    1) (   2,    1)
          (   2,    1) (   2,    2) (   2,    2) (   2,    1) (   2,    2) (   2,    1) (   2,    1) (   2,    1) (   2,    2) (   2,    2)
          (   2,    1) (   2,    1) (   2,    0) (   2,    0) (   2,    0) (   2,    1) (   2,    0) (   2,    0) (   2,    1) (   2,    0)
          (   2,    0) (   2,    0) (   2,    0) (   2,    0) (   2,    1) (   2,    1) (   2,    1) (   2,    0) (   2,    0) (   2,    0)
          (   1,    0) (   1,    0) (   2,    3) (   2,    2) (   2,    0) (   2,    0) (   2,    0) (   2,    1) (   2,    2) (   2,    1)
          (   2,    2) (   2,    1) (   2,    1) (   2,    1) (   2,    1) (   2,    2) (   2,    3) (   2,    5) (   2,    1) (   2,    2)
          (   2,    2) (   2,    1) (   2,    3) (   2,    3) (   2,    1) (   2,    2) (   2,    3) (   2,    1) (   2,    0) (   2,    3)
          (   2,    3) (   2,    1) (   2,    2) (   2,    2) (   2,    1) (   2,    0) (   2,    1) (   2,    1) (   2,    1) (   2,    1)
          (   2,    1) (   2,    1) (   2,    0) (   2,    1) (   2,    0) (   2,    1) (   2,    2) (   2,    1) (   2,    1) (   2,    0)
          (   2,    0) (   2,    0) (   2,    3) (   2,    0) (   2,    0) (   2,    2) (   2,    0) (   2,    2) (   2,    3) (   2,    3)
          (   2,    1) (   2,    0) (   2,    1) (   2,    0) (   2,    1) (   2,    3) (   2,    4) (   2,    4) (   2,    2) (   2,    2)
          (   2,    1) (   2,    2) (   2,    4) (   2,    5) (   2,    2) (   2,    2) (   2,    2) (   2,    0) (   2,    1) (   2,    3)
          (   2,    3) (   2,    1) (   2,    0) (   2,    1) (   2,    0) (   2,    1) (   2,    2) (   2,    3) (   2,    3) (   2,    0)
          (   2,    1) (   2,    0) (   2,    1) (   2,    2) (   2,    2) (   2,    1) (   2,    1) (   2,    2) (   2,    0) (   2,    1)
          (   2,    3) (   2,    1) (   2,    1) (   2,    1) (   2,    1) (   2,    0) (   2,    1) (   2,    2) (   2,    3) (   2,    1)
          (   2,    2) (   2,    2) (   2,    1) (   2,    1) (   2,    3) (   2,    2) (   2,    3) (   2,    2) (   2,    3) (   2,    2)
          (   2,    2) (   2,    4) (   2,    2) (   2,    2) (   2,    2) (   2,    3) (   2,    2) (   2,    2) (   2,    4) (   2,    2)
          (   2,    3) (   2,    2) (   2,    3) (   2,    2) (   2,    2) (   2,    4) (   2,    2) (   2,    3) (   2,    2) (   2,    3)
          (   2,    2) (   2,    2) (   2,    4) (   2,    2) (   2,    3) (   2,    2) (   2,    3) (   2,    2) (   2,    2) (   2,    4)
          (   2,    2) (   2,    3) (   2,    2) (   2,    3) (   2,    2) (   2,    2) (   2,    4) (   2,    2) (   2,    3) (   2,    2)
          (   2,    3) (   2,    2) (   2,    2) (   2,    4) (   2,    2) (   2,    3) (   2,    2) (   2,    3) (   2,    2) (   2,    2)
          (   2,    4) (   2,    2) (   2,    3) (   2,    2) (   2,    3) (   2,    2) (   2,    2) (   2,    4) (   2,    2) (   2,    3)
          (   2,    2) (   2,    3) (   2,    2) (   2,    2) (   2,    4) (   2,    2) (   2,    3) (   2,    2) (   2,    3) (   2,    2)
          (   2,    2) (   2,    4) (   2,    2) (   2,    3) (   2,    2) (   2,    3) (   2,    2) (   2,    2) (   2,    4) (   2,    2)
          (   2,    3) (   2,    2) (   2,    3) (   2,    2) (   2,    2) (   2,    4) (   2,    2) (   2,    3) (   2,    2) (   2,    3)
          (   2,    2) (   2,    2) (   2,    4) (   2,    2) (   2,    3) (   2,    2) (   2,    3) (   2,    2) (   2,    2) (   2,    4)
          (   2,    2) (   2,    3) (   2,    2) (   2,    3) (   2,    2) (   2,    2) (   2,    4) (   2,    2) (   2,    3) (   2,    2)
          (   2,    3) (   2,    2) (   2,    2) (   2,    4) (   2,    2) (   2,    3) (   2,    2) (   2,    3) (   2,    2) (   2,    2)
          (   2,    4) (   2,    2) (   2,    3) (   2,    2) (   2,    3) (   2,    2) (   2,    2) (   2,    4) (   2,    2) (   2,    3)
          (   2,    2) (   2,    3) (   2,    2) (   2,    2) (   2,    4) (   2,    2) (   2,    3) (   2,    2) (   2,    3) (   2,    2)
          (   2,    2) (   2,    4) (   2,    2) (   2,    3) (   2,    2) (   2,    3) (   2,    2) (   2,    2) (   2,    4) (   2,    2)
          (   2,    3) (   2,    2) (   2,    3) (   2,    2) (   2,    2) (   2,    4) (   2,    2) (   2,    3) (   2,    2) (   2,    3)
          (   2,    2) (   2,    2) (   2,    4) (   2,    2) (   2,    3) (   2,    2) (   2,    3) (   2,    2) (   2,    2) (   2,    4)
          (   2,    2) (   2,    3) (   2,    2) (   2,    3) (   2,    2) (   2,    2) (   2,    4) (   2,    2) (   2,    3) (   2,    2)
          (   2,    3) (   2,    2) (   2,    2) (   2,    4) (   2,    2) (   2,    3) (   2,    2) (   2,    3) (   2,    2) (   2,    2)
          (   2,    4) (   2,    2) (   2,    3) (   2,    2) (   2,    3) (   2,    2) (   2,    2) (   2,    4) (   2,    2) (   2,    3)
          (   2,    2) (   2,    3) (   2,    2) (   2,    2) (   2,    4) (   2,    2) (   2,    3) (   2,    2) (   2,    3) (   2,    2)
          (   2,    2) (   2,    4) (   2,    2) (   2,    1) (   2,    1) (   2,    2) (   2,    2) (   2,    1) (   2,    2) (   2,    2)
          (   2,    1) (   2,    1) (   2,    2) (   2,    2) (   2,    2) (   2,    2) (   2,    2) (   2,    1) (   2,    1) (   2,    1)
          (   2,    1) (   2,    2) (   2,    1) (   2,    2) (   2,    1) (   2,    2) (   2,    1) (   2,    1) (   2,    1) (   2,    1)
          (   2,    1) (   2,    1) (   2,    2) (   2,    2) (   2,    1) (   2,    1) (   2,    1) (   2,    1) (   2,    0) (   2,    1)
          (   2,    1) (   2,    1) (   2,    1) (   2,    1) (   2,    1) (   2,    0) (   2,    1) (   2,    1) (   2,    3) (   2,    3)
          (   2,    2) (   2,    1) (   2,    0) (   2,    1) (   2,    1) (   2,    1) (   2,    1) (   2,    1) (   2,    1) (   2,    1)
          (   2,    1) (   2,    0) (   2,    1) (   2,    1) (   2,    1) (   2,    1) (   2,    0) (   2,    1) (   2,    0) (   2,    3)
          (   2,    2) (   2,    1) (   2,    1) (   2,    0) (   2,    1) (   2,    1) (   2,    1) (   2,    2) (   2,    2) (   2,    2)
          (   2,    1) (   2,    2) (   2,    0) (   2,    1) (   2,    1) (   2,    3) (   2,    1) (   2,    0) (   2,    1) (   2,    2)
          (   2,    1) (   2,    1) (   2,    3) (   2,    1) (   2,    0) (   2,    1) (   2,    2) (   2,    1) (   2,    1) (   2,    3)
          (   2,    1) (   2,    0) (   2,    1) (   2,    2) (   2,    1) (   2,    1) (   2,    3) (   2,    1) (   2,    0) (   2,    1)
          (   2,    2) (   2,    1) (   2,    1) (   2,    3) (   2,    1) (   2,    0) (   2,    1) (   2,    2) (   2,    1) (   2,    1)
          (   2,    3) (   2,    1) (   2,    0) (   2,    1) (   2,    2) (   2,    1) (   2,    1) (   2,    3) (   2,    1) (   2,    0)
          (   2,    1) (   2,    2) (   2,    1) (   2,    1) (   2,    3) (   2,    1) (   2,    0) (   2,    1) (   2,    2) (   2,    1)
          (   2,    1) (   2,    3) (   2,    1) (   2,    0) (   2,    1) (   2,    2) (   2,    1) (   2,    1) (   2,    3) (   2,    1)
          (   2,    0) (   2,    1) (   2,    2) (   2,    1) (   2,    1) (   2,    3) (   2,    1) (   2,    0) (   2,    1) (   2,    2)
          (   2,    1) (   2,    1) (   2,    3) (   2,    1) (   2,    0) (   2,    1) (   2,    2) (   2,    1) (   2,    1) (   2,    3)
          (   2,    1) (   2,    0) (   2,    1) (   2,    2) (   2,    1) (   2,    1) (   2,    3) (   2,    1) (   2,    0) (   2,    1)
          (   2,    2) (   2,    1) (   2,    1) (   2,    3) (   2,    1) (   2,    0) (   2,    1) (   2,    2) (   2,    1) (   2,    1)
          (   2,    3) (   2,    1) (   2,    0) (   2,    1) (   2,    2) (   2,    1) (   2,    1) (   2,    3) (   2,    1) (   2,    0)
          (   2,    1) (   2,    2) (   2,    1) (   2,    1) (   2,    3) (   2,    1) (   2,    0) (   2,    1) (   2,    2) (   2,    1)
          (   2,    1) (   2,    3) (   2,    1) (   2,    0) (   2,    1) (   2,    2) (   2,    1) (   2,    1) (   2,    3) (   2,    1)
          (   2,    0) (   2,    1) (   2,    2) (   2,    1) (   2,    1) (   2,    3) (   2,    1) (   2,    0) (   2,    1) (   2,    2)
          (   2,    1) (   2,    1) (   2,    3) (   2,    1) (   2,    0) (   2,    1) (   2,    2) (   2,    1) (   2,    1) (   2,    3)
          (   2,    1) (   2,    0) (   2,    1) (   2,    2) (   2,    1) (   2,    1) (   2,    3) (   2,    1) (   2,    0) (   2,    1)
          (   2,    2) (   2,    1) (   2,    1) (   2,    3) (   2,    1) (   2,    0) (   2,    1) (   2,    2) (   2,    1) (   2,    1)
          (   2,    3) (   2,    1) (   2,    0) (   2,    1) (   2,    2) (   2,    1) (   2,    1) (   2,    3) (   2,    1) (   2,    0)
         
node   5 sent_total   1391  recv_total   1212

node   6  (   0,    0) (   1,    0) (   0,    0) (   1,    1) (   1,    0) (   2,    4) (   2,    4) (   2,    4) (   2,    4) (   2,    4)
          (   2,    5) (   2,    4) (   2,    2) (   2,    3) (   2,    1) (   2,    0) (   2,    1) (   2,    1) (   2,    1) (   2,    1)
          (   2,    2) (   2,    1) (   2,    1) (   2,    1) (   2,    1) (   2,    1) (   2,    1) (   2,    1) (   2,    0) (   2,    0)
          (   2,    0) (   2,    2) (   2,    4) (   2,    6) (   2,    6) (   2,    4) (   2,    3) (   2,    3) (   2,    4) (   2,    4)
          (   2,    6) (   2,    6) (   2,    6) (   2,    2) (   2,    2) (   2,    3) (   2,    2) (   2,    4) (   2,    4) (   2,    4)
          (   2,    0) (   2,    5) (   2,    3) (   2,    2) (   2,    4) (   2,    4) (   2,    4) (   2,    0) (   2,    5) (   2,    3)
          (   2,    0) (   2,    4) (   2,    4) (   2,    4) (   2,    0) (   2,    5) (   2,    5) (   2,    0) (   2,    4) (   2,    4)
          (   2,    4) (   2,    0) (   2,    5) (   2,    5) (   2,    0) (   2,    2) (   2,    4) (   2,    4) (   2,    0) (   2,    5)
          (   2,    5) (   2,    2) (   2,    2) (   2,    4) (   2,    4) (   2,    0) (   2,    5) (   2,    4) (   2,    2) (   2,    4)
          (   2,    4) (   2,    4) (   2,    2) (   2,    4) (   2,    4) (   2,    2) (   2,    4) (   2,    4) (   2,    4) (   2,    2)
          (   2,    2) (   0,    2) (   0,    0) (   0,    0) (   2,    1) (   2,    0) (   2,    2) (   2,    2) (   2,    2) (   2,    2)
          (   2,    5) (   2,    6) (   2,    6) (   2,    5) (   2,    5) (   2,    3) (   2,    0) (   2,    1) (   2,    2) (   2,    2)
          (   2,    2) (   2,    2) (   2,    2) (   2,    0) (   2,    1) (   2,    2) (   2,    2) (   2,    3) (   2,    2) (   2,    2)
          (   2,    0) (   2,    1) (   2,    1) (   2,    0) (   2,    1) (   2,    1) (   2,    1) (   2,    1) (   2,    1) (   2,    1)
          (   2,    0) (   2,    1) (   2,    1) (   2,    1) (   2,    0) (   2,    1) (   2,    1) (   2,    1) (   2,    1) (   2,    1)
          (   2,    1) (   2,    1) (   2,    2) (   2,    3) (   2,    3) (   2,    3) (   2,    1) (   2,    3) (   2,    1) (   2,    2)
          (   2,    1) (   2,    1) (   2,    3) (   2,    1) (   2,    3) (   2,    0) (   2,    3) (   2,    0) (   2,    1) (   2,    1)
          (   2,    1) (   2,    1) (   2,    0) (   2,    3) (   2,    1) (   2,    1) (   2,    1) (   2,    1) (   2,    1) (   2,    0)
          (   2,    1) (   2,    2) (   2,    3) (   2,    1) (   2,    3) (   2,    1) (   2,    1) (   2,    3) (   2,    2) (   2,    2)
          (   2,    1) (   2,    1) (   2,    1) (   2,    1) (   2,    1) (   2,    1) (   2,    1) (   2,    2) (   2,    1) (   2,    1)
          (   2,    0) (   2,    1) (   2,    3) (   2,    2) (   2,    1) (   2,    1) (   2,    1) (   2,    1) (   2,    4) (   2,    2)
          (   2,    2) (   2,    2) (   2,    1) (   2,    3) (   2,    1) (   2,    3) (   2,    2) (   2,    5) (   2,    3) (   2,    2)
          (   2,    2) (   2,    1) (   2,    4) (   2,    2) (   2,    5) (   2,    3) (   2,    2) (   2,    2) (   2,    1) (   2,    4)
          (   2,    2) (   2,    5) (   2,    3) (   2,    2) (   2,    2) (   2,    1) (   2,    4) (   2,    2) (   2,    5) (   2,    3)
          (   2,    2) (   2,    2) (   2,    1) (   2,    4) (   2,    2) (   2,    5) (   2,    3) (   2,    2) (   2,    2) (   2,    1)
          (   2,    4) (   2,    2) (   2,    5) (   2,    3) (   2,    2) (   2,    2) (   2,    1) (   2,    4) (   2,    2) (   2,    5)
          (   2,    3) (   2,    2) (   2,    2) (   2,    1) (   2,    4) (   2,    2) (   2,    5) (   2,    3) (   2,    2) (   2,    2)
          (   2,    1) (   2,    4) (   2,    2) (   2,    5) (   2,    3) (   2,    2) (   2,    2) (   2,    1) (   2,    4) (   2,    2)
          (   2,    5) (   2,    3) (   2,    2) (   2,    2) (   2,    1) (   2,    4) (   2,    2) (   2,    5) (   2,    3) (   2,    2)
          (   2,    2) (   2,    1) (   2,    4) (   2,    2) (   2,    5) (   2,    3) (   2,    2) (   2,    2) (   2,    1) (   2,    4)
          (   2,    2) (   2,    5) (   2,    3) (   2,    2) (   2,    2) (   2,    1) (   2,    4) (   2,    2) (   2,    5) (   2,    3)
          (   2,    2) (   2,    2) (   2,    1) (   2,    4) (   2,    2) (   2,    5) (   2,    3) (   2,    2) (   2,    2) (   2,    1)
          (   2,    4) (   2,    2) (   2,    5) (   2,    3) (   2,    2) (   2,    2) (   2,    1) (   2,    4) (   2,    2) (   2,    5)
          (   2,    3) (   2,    2) (   2,    2) (   2,    1) (   2,    4) (   2,    2) (   2,    5) (   2,    3) (   2,    2) (   2,    2)
          (   2,    1) (   2,    4) (   2,    2) (   2,    5) (   2,    3) (   2,    2) (   2,    2) (   2,    1) (   2,    4) (   2,    2)
          (   2,    5) (   2,    3) (   2,    2) (   2,    2) (   2,    1) (   2,    4) (   2,    2) (   2,    5) (   2,    3) (   2,    2)
          (   2,    2) (   2,    1) (   2,    4) (   2,    2) (   2,    5) (   2,    3) (   2,    2) (   2,    2) (   2,    1) (   2,    4)
          (   2,    2) (   2,    5) (   2,    3) (   2,    2) (   2,    2) (   2,    1) (   2,    4) (   2,    2) (   2,    5) (   2,    3)
          (   2,    2) (   2,    2) (   2,    1) (   2,    4) (   2,    2) (   2,    5) (   2,    3) (   2,    2) (   2,    2) (   2,    1)
          (   2,    4) (   2,    2) (   2,    5) (   2,    3) (   2,    2) (   2,    2) (   2,    1) (   2,    4) (   2,    2) (   2,    5)
          (   2,    3) (   2,    2) (   2,    2) (   2,    1) (   2,    4) (   2,    2) (   2,    5) (   2,    3) (   2,    2) (   2,    2)
          (   2,    1) (   2,    4) (   2,    2) (   2,    5) (   2,    3) (   2,    2) (   2,    2) (   2,    1) (   2,    4) (   2,    2)
          (   2,    5) (   2,    3) (   2,    2) (   2,    2) (   2,    1) (   2,    4) (   2,    2) (   2,    5) (   2,    3) (   2,    2)
          (   2,    2) (   2,    1) (   2,    4) (   2,    1) (   2,    3) (   2,    2) (   2,    1) (   2,    1) (   2,    1) (   2,    1)
          (   2,    0) (   2,    2) (   2,    0) (   2,    0) (   2,    1) (   2,    0) (   2,    2) (   2,    1) (   2,    2) (   2,    2)
          (   2,    2) (   2,    0) (   2,    0) (   2,    4) (   2,    4) (   2,    4) (   2,    4) (   2,    4) (   2,    2) (   2,    2)
          (   2,    0) (   2,    2) (   2,    2) (   2,    4) (   2,    4) (   2,    2) (   2,    4) (   2,    3) (   2,    2) (   2,    2)
          (   2,    2) (   2,    3) (   2,    2) (   2,    3) (   2,    3) (   2,    3) (   2,    1) (   2,    1) (   2,    1) (   2,    2)
          (   2,    4) (   2,    5) (   2,    2) (   2,    0) (   2,    0) (   2,    0) (   2,    0) (   1,    0) (   0,    0) (   0,    0)
          (   2,    2) (   2,    4) (   2,    2) (   2,    3) (   2,    1) (   2,    1) (   2,    3) (   2,    1) (   2,    1) (   2,    3)
          (   2,    2) (   2,    1) (   2,    3) (   2,    3) (   2,    1) (   2,    1) (   2,    3) (   2,    0) (   2,    1) (   2,    3)
          (   2,    3) (   2,    1) (   2,    1) (   2,    4) (   2,    2) (   2,    4) (   2,    3) (   2,    2) (   2,    2) (   2,    2)
          (   2,    5) (   2,    2) (   2,    4) (   2,    3) (   2,    2) (   2,    2) (   2,    2) (   2,    5) (   2,    2) (   2,    4)
          (   2,    3) (   2,    2) (   2,    2) (   2,    2) (   2,    5) (   2,    2) (   2,    4) (   2,    3) (   2,    2) (   2,    2)
          (   2,    2) (   2,    5) (   2,    2) (   2,    4) (   2,    3) (   2,    2) (   2,    2) (   2,    2) (   2,    5) (   2,    2)
          (   2,    4) (   2,    3) (   2,    2) (   2,    2) (   2,    2) (   2,    5) (   2,    2) (   2,    4) (   2,    3) (   2,    2)
          (   2,    2) (   2,    2) (   2,    5) (   2,    2) (   2,    4) (   2,    3) (   2,    2) (   2,    2) (   2,    2) (   2,    5)
          (   2,    2) (   2,    4) (   2,    3) (   2,    2) (   2,    2) (   2,    2) (   2,    5) (   2,    2) (   2,    4) (   2,    3)
          (   2,    2) (   2,    2) (   2,    2) (   2,    5) (   2,    2) (   2,    4) (   2,    3) (   2,    2) (   2,    2) (   2,    2)
          (   2,    5) (   2,    2) (   2,    4) (   2,    3) (   2,    2) (   2,    2) (   2,    2) (   2,    5) (   2,    2) (   2,    4)
          (   2,    3) (   2,    2) (   2,    2) (   2,    2) (   2,    5) (   2,    2) (   2,    4) (   2,    3) (   2,    2) (   2,    2)
          (   2,    2) (   2,    5) (   2,    2) (   2,    4) (   2,    3) (   2,    2) (   2,    2) (   2,    2) (   2,    5) (   2,    2)
          (   2,    4) (   2,    3) (   2,    2) (   2,    2) (   2,    2) (   2,    5) (   2,    2) (   2,    4) (   2,    3) (   2,    2)
          (   2,    2) (   2,    2) (   2,    5) (   2,    2) (   2,    4) (   2,    3) (   2,    2) (   2,    2) (   2,    2) (   2,    5)
          (   2,    2) (   2,    4) (   2,    3) (   2,    2) (   2,    2) (   2,    2) (   2,    5) (   2,    2) (   2,    4) (   2,    3)
          (   2,    2) (   2,    2) (   2,    2) (   2,    5) (   2,    2) (   2,    4) (   2,    3) (   2,    2) (   2,    2) (   2,    2)
          (   2,    5) (   2,    2) (   2,    4) (   2,    3) (   2,    2) (   2,    2) (   2,    2) (   2,    5) (   2,    2) (   2,    4)
          (   2,    3) (   2,    2) (   2,    2) (   2,    2) (   2,    5) (   2,    2) (   2,    4) (   2,    3) (   2,    2) (   2,    2)
          (   2,    2) (   2,    5) (   2,    2) (   2,    4) (   2,    3) (   2,    2) (   2,    2) (   2,    2) (   2,    5) (   2,    2)
          (   2,    4) (   2,    3) (   2,    2) (   2,    2) (   2,    2) (   2,    5) (   2,    2) (   2,    4) (   2,    3) (   2,    2)
         
node   6 sent_total   1382  recv_total   1734

node   7  (   0,    0) (   1,    0) (   0,    0) (   1,    1) (   2,    1) (   2,    1) (   2,    1) (   2,    4) (   2,    4) (   2,    5)
          (   2,    2) (   2,    2) (   2,    2) (   2,    2) (   2,    2) (   2,    2) (   2,    1) (   2,    0) (   2,    0) (   2,    1)
          (   2,    2) (   2,    2) (   2,    1) (   2,    2) (   2,    2) (   2,    2) (   2,    3) (   2,    2) (   2,    3) (   2,    2)
          (   2,    3) (   2,    4) (   2,    3) (   2,    2) (   2,    2) (   2,    3) (   2,    2) (   2,    2) (   2,    3) (   2,    3)
          (   2,    2) (   2,    2) (   2,    2) (   2,    4) (   2,    1) (   2,    3) (   2,    3) (   2,    2) (   2,    2) (   2,    2)
          (   2,    4) (   2,    0) (   2,    1) (   2,    3) (   2,    2) (   2,    2) (   2,    2) (   2,    4) (   2,    0) (   2,    1)
          (   2,    4) (   2,    2) (   2,    2) (   2,    2) (   2,    4) (   2,    2) (   2,    0) (   2,    2) (   2,    2) (   2,    2)
          (   2,    2) (   2,    4) (   2,    2) (   2,    1) (   2,    2) (   2,    3) (   2,    2) (   2,    2) (   2,    4) (   2,    2)
          (   2,    0) (   2,    3) (   2,    5) (   2,    4) (   2,    4) (   2,    6) (   2,    4) (   2,    0) (   2,    3) (   2,    4)
          (   2,    4) (   2,    4) (   2,    3) (   2,    2) (   2,    0) (   2,    1) (   2,    0) (   2,    1) (   2,    1) (   2,    2)
          (   2,    2) (   2,    2) (   2,    2) (   2,    3) (   2,    4) (   2,    4) (   2,    3) (   2,    1) (   2,    0) (   2,    6)
          (   2,    2) (   2,    2) (   2,    2) (   2,    0) (   2,    2) (   2,    4) (   0,    3) (   0,    0) (   0,    0) (   0,    1)
          (   0,    1) (   2,    0) (   2,    1) (   0,    2) (   0,    0) (   0,    1) (   0,    2) (   0,    3) (   2,    5) (   0,    2)
          (   0,    1) (   0,    0) (   0,    0) (   0,    2) (   0,    5) (   2,    3) (   0,    2) (   0,    1) (   0,    1) (   0,    0)
          (   0,    1) (   0,    2) (   2,    2) (   0,    1) (   2,    0) (   0,    1) (   0,    2) (   0,    3) (   0,    3) (   2,    2)
          (   0,    1) (   2,    1) (   2,    0) (   2,    0) (   2,    0) (   2,    0) (   1,    0) (   0,    0) (   0,    0) (   0,    0)
          (   0,    0) (   0,    0) (   0,    0) (   0,    0) (   0,    0) (   2,    1) (   2,    2) (   2,    3) (   2,    5) (   2,    5)
          (   2,    4) (   2,    3) (   2,    1) (   2,    0) (   2,    0) (   2,    0) (   2,    0) (   2,    0) (   0,    0) (   0,    0)
          (   0,    0) (   2,    1) (   2,    0) (   2,    0) (   2,    0) (   2,    0) (   2,    0) (   0,    0) (   0,    0) (   0,    0)
          (   0,    0) (   0,    0) (   0,    0) (   0,    0) (   0,    0) (   2,    2) (   2,    4) (   2,    5) (   2,    5) (   2,    4)
          (   2,    3) (   2,    2) (   2,    2) (   2,    1) (   2,    0) (   2,    0) (   2,    2) (   2,    0) (   2,    0) (   2,    2)
          (   2,    0) (   2,    0) (   2,    0) (   2,    2) (   2,    0) (   2,    0) (   2,    2) (   2,    0) (   2,    0) (   2,    0)
          (   2,    2) (   2,    0) (   2,    0) (   2,    2) (   2,    0) (   2,    0) (   2,    0) (   2,    2) (   2,    0) (   2,    0)
          (   2,    2) (   2,    0) (   2,    0) (   2,    0) (   2,    2) (   2,    0) (   2,    0) (   2,    2) (   2,    0) (   2,    0)
          (   2,    0) (   2,    2) (   2,    0) (   2,    0) (   2,    2) (   2,    0) (   2,    0) (   2,    0) (   2,    2) (   2,    0)
          (   2,    0) (   2,    2) (   2,    0) (   2,    0) (   2,    0) (   2,    2) (   2,    0) (   2,    0) (   2,    2) (   2,    0)
          (   2,    0) (   2,    0) (   2,    2) (   2,    0) (   2,    0) (   2,    2) (   2,    0) (   2,    0) (   2,    0) (   2,    2)
          (   2,    0) (   2,    0) (   2,    2) (   2,    0) (   2,    0) (   2,    0) (   2,    2) (   2,    0) (   2,    0) (   2,    2)
          (   2,    0) (   2,    0) (   2,    0) (   2,    2) (   2,    0) (   2,    0) (   2,    2) (   2,    0) (   2,    0) (   2,    0)
          (   2,    2) (   2,    0) (   2,    0) (   2,    2) (   2,    0) (   2,    0) (   2,    0) (   2,    2) (   2,    0) (   2,    0)
          (   2,    2) (   2,    0) (   2,    0) (   2,    0) (   2,    2) (   2,    0) (   2,    0) (   2,    2) (   2,    0) (   2,    0)
          (   2,    0) (   2,    2) (   2,    0) (   2,    0) (   2,    2) (   2,    0) (   2,    0) (   2,    0) (   2,    2) (   2,    0)
          (   2,    0) (   2,    2) (   2,    0) (   2,    0) (   2,    0) (   2,    2) (   2,    0) (   2,    0) (   2,    2) (   2,    0)
          (   2,    0) (   2,    0) (   2,    2) (   2,    0) (   2,    0) (   2,    2) (   2,    0) (   2,    0) (   2,    0) (   2,    2)
          (   2,    0) (   2,    0) (   2,    2) (   2,    0) (   2,    0) (   2,    0) (   2,    2) (   2,    0) (   2,    0) (   2,    2)
          (   2,    0) (   2,    0) (   2,    0) (   2,    2) (   2,    0) (   2,    0) (   2,    2) (   2,    0) (   2,    0) (   2,    0)
          (   2,    2) (   2,    0) (   2,    0) (   2,    2) (   2,    0) (   2,    0) (   2,    0) (   2,    2) (   2,    0) (   2,    0)
          (   2,    2) (   2,    0) (   2,    0) (   2,    0) (   2,    2) (   2,    0) (   2,    0) (   2,    2) (   2,    0) (   2,    0)
          (   2,    0) (   2,    2) (   2,    0) (   2,    0) (   2,    2) (   2,    0) (   2,    0) (   2,    0) (   2,    2) (   2,    0)
          (   2,    0) (   2,    2) (   2,    0) (   2,    0) (   2,    0) (   2,    2) (   2,    0) (   2,    0) (   2,    2) (   2,    0)
          (   2,    0) (   2,    0) (   2,    2) (   2,    0) (   2,    0) (   2,    2) (   2,    0) (   2,    0) (   2,    0) (   2,    2)
          (   2,    0) (   2,    0) (   2,    2) (   2,    0) (   2,    0) (   2,    0) (   2,    2) (   2,    0) (   2,    0) (   2,    2)
          (   2,    0) (   2,    0) (   2,    0) (   2,    2) (   2,    0) (   2,    0) (   2,    2) (   2,    0) (   2,    0) (   2,    0)
          (   2,    2) (   2,    0) (   2,    0) (   2,    0) (   2,    1) (   2,    0) (   2,    2) (   2,    0) (   2,    0) (   2,    2)
          (   2,    2) (   2,    2) (   2,    2) (   2,    4) (   2,    2) (   2,    2) (   2,    2) (   2,    0) (   2,    0) (   2,    2)
          (   2,    4) (   2,    3) (   2,    2) (   2,    5) (   2,    5) (   2,    5) (   2,    0) (   2,    0) (   2,    0) (   2,    0)
          (   2,    2) (   2,    0) (   2,    0) (   2,    0) (   2,    0) (   2,    0) (   2,    2) (   2,    2) (   2,    0) (   2,    0)
          (   2,    0) (   2,    2) (   2,    0) (   2,    1) (   2,    2) (   2,    0) (   2,    0) (   2,    0) (   2,    0) (   2,    1)
          (   2,    1) (   2,    2) (   2,    2) (   2,    1) (   2,    0) (   2,    0) (   2,    0) (   2,    0) (   2,    2) (   2,    0)
          (   2,    0) (   2,    0) (   2,    3) (   2,    1) (   2,    1) (   2,    3) (   2,    1) (   2,    1) (   2,    0) (   2,    1)
          (   2,    1) (   2,    2) (   2,    2) (   2,    2) (   2,    2) (   2,    1) (   2,    1) (   2,    1) (   2,    1) (   2,    1)
          (   2,    1) (   2,    1) (   2,    0) (   2,    1) (   2,    2) (   2,    1) (   2,    1) (   2,    1) (   2,    1) (   2,    0)
          (   2,    1) (   2,    2) (   2,    1) (   2,    1) (   2,    1) (   2,    1) (   2,    0) (   2,    1) (   2,    2) (   2,    1)
          (   2,    1) (   2,    1) (   2,    1) (   2,    0) (   2,    1) (   2,    2) (   2,    1) (   2,    1) (   2,    1) (   2,    1)
          (   2,    0) (   2,    1) (   2,    2) (   2,    1) (   2,    1) (   2,    1) (   2,    1) (   2,    0) (   2,    1) (   2,    2)
          (   2,    1) (   2,    1) (   2,    1) (   2,    1) (   2,    0) (   2,    1) (   2,    2) (   2,    1) (   2,    1) (   2,    1)
          (   2,    1) (   2,    0) (   2,    1) (   2,    2) (   2,    1) (   2,    1) (   2,    1) (   2,    1) (   2,    0) (   2,    1)
          (   2,    2) (   2,    1) (   2,    1) (   2,    1) (   2,    1) (   2,    0) (   2,    1) (   2,    2) (   2,    1) (   2,    1)
          (   2,    1) (   2,    1) (   2,    0) (   2,    1) (   2,    2) (   2,    1) (   2,    1) (   2,    1) (   2,    1) (   2,    0)
          (   2,    1) (   2,    2) (   2,    1) (   2,    1) (   2,    1) (   2,    1) (   2,    0) (   2,    1) (   2,    2) (   2,    1)
          (   2,    1) (   2,    1) (   2,    1) (   2,    0) (   2,    1) (   2,    2) (   2,    1) (   2,    1) (   2,    1) (   2,    1)
          (   2,    0) (   2,    1) (   2,    2) (   2,    1) (   2,    1) (   2,    1) (   2,    1) (   2,    0) (   2,    1) (   2,    2)
          (   2,    1) (   2,    1) (   2,    1) (   2,    1) (   2,    0) (   2,    1) (   2,    2) (   2,    1) (   2,    1) (   2,    1)
          (   2,    1) (   2,    0) (   2,    1) (   2,    2) (   2,    1) (   2,    1) (   2,    1) (   2,    1) (   2,    0) (   2,    1)
          (   2,    2) (   2,    1) (   2,    1) (   2,    1) (   2,    1) (   2,    0) (   2,    1) (   2,    2) (   2,    1) (   2,    1)
          (   2,    1) (   2,    1) (   2,    0) (   2,    1) (   2,    2) (   2,    1) (   2,    1) (   2,    1) (   2,    1) (   2,    0)
          (   2,    1) (   2,    2) (   2,    1) (   2,    1) (   2,    1) (   2,    1) (   2,    0) (   2,    1) (   2,    2) (   2,    1)
          (   2,    1) (   2,    1) (   2,    1) (   2,    0) (   2,    1) (   2,    2) (   2,    1) (   2,    1) (   2,    1) (   2,    1)
          (   2,    0) (   2,    1) (   2,    2) (   2,    1) (   2,    1) (   2,    1) (   2,    1) (   2,    0) (   2,    1) (   2,    2)
          (   2,    1) (   2,    1) (   2,    1) (   2,    1) (   2,    0) (   2,    1) (   2,    2) (   2,    1) (   2,    1) (   2,    1)
         
node   7 sent_total   1299  recv_total    777

node   8  (   0,    0) (   1,    0) (   0,    0) (   0,    1) (   2,    1) (   2,    0) (   2,    1) (   2,    1) (   2,    1) (   2,    0)
          (   1,    0) (   1,    0) (   1,    0) (   0,    0) (   2,    1) (   2,    2) (   2,    1) (   2,    1) (   2,    2) (   2,    5)
          (   2,    3) (   2,    3) (   2,    1) (   2,    1) (   2,    1) (   2,    1) (   2,    2) (   2,    1) (   1,    2) (   2,    1)
          (   2,    1) (   2,    0) (   2,    3) (   2,    3) (   2,    2) (   2,    3) (   2,    2) (   2,    3) (   2,    0) (   2,    3)
          (   2,    3) (   2,    3) (   2,    4) (   2,    3) (   2,    3) (   2,    0) (   2,    3) (   2,    2) (   2,    2) (   2,    3)
          (   2,    3) (   2,    3) (   2,    1) (   2,    3) (   2,    2) (   2,    2) (   2,    3) (   2,    3) (   2,    2) (   2,    1)
          (   2,    3) (   2,    2) (   2,    2) (   2,    3) (   2,    3) (   2,    2) (   2,    1) (   2,    4) (   2,    2) (   2,    2)
          (   2,    3) (   2,    3) (   2,    2) (   2,    0) (   2,    4) (   2,    2) (   2,    2) (   2,    3) (   2,    3) (   2,    2)
          (   2,    0) (   2,    4) (   2,    2) (   2,    2) (   2,    3) (   2,    2) (   2,    2) (   2,    3) (   2,    3) (   2,    2)
          (   2,    2) (   2,    2) (   2,    2) (   2,    2) (   2,    0) (   2,    2) (   2,    3) (   2,    3) (   2,    3) (   2,    2)
          (   2,    2) (   2,    0) (   2,    0) (   2,    0) (   2,    0) (   2,    1) (   2,    0) (   2,    1) (   2,    3) (   2,    5)
          (   2,    2) (   2,    1) (   2,    1) (   2,    2) (   2,    1) (   2,    0) (   2,    1) (   2,    1) (   2,    3) (   2,    3)
          (   2,    3) (   2,    5) (   2,    2) (   2,    3) (   2,    3) (   2,    2) (   2,    3) (   2,    3) (   2,    3) (   2,    0)
          (   2,    1) (   2,    1) (   2,    0) (   2,    1) (   2,    0) (   2,    1) (   2,    1) (   2,    1) (   2,    3) (   2,    2)
          (   2,    5) (   2,    5) (   2,    5) (   2,    1) (   2,    3) (   2,    3) (   2,    1) (   2,    1) (   2,    1) (   2,    1)
          (   2,    2) (   2,    3) (   2,    2) (   2,    0) (   2,    3) (   2,    3) (   2,    5) (   2,    0) (   2,    1) (   2,    3)
          (   2,    2) (   2,    3) (   2,    1) (   2,    3) (   2,    0) (   2,    3) (   2,    2) (   2,    3) (   2,    1) (   2,    1)
          (   2,    3) (   2,    0) (   2,    3) (   2,    0) (   2,    3) (   2,    1) (   2,    1) (   2,    5) (   2,    0) (   2,    1)
          (   2,    1) (   2,    1) (   2,    4) (   2,    4) (   2,    4) (   2,    3) (   2,    4) (   2,    2) (   2,    2) (   2,    2)
          (   2,    2) (   2,    2) (   2,    1) (   2,    2) (   2,    1) (   2,    1) (   2,    2) (   2,    3) (   2,    3) (   2,    2)
          (   2,    3) (   2,    2) (   2,    1) (   2,    2) (   2,    2) (   2,    2) (   2,    1) (   2,    2) (   2,    1) (   2,    2)
          (   2,    3) (   2,    3) (   2,    3) (   2,    1) (   2,    2) (   2,    2) (   2,    2) (   2,    2) (   2,    2) (   2,    2)
          (   2,    2) (   2,    2) (   2,    1) (   2,    2) (   2,    2) (   2,    2) (   2,    2) (   2,    2) (   2,    2) (   2,    1)
          (   2,    2) (   2,    2) (   2,    2) (   2,    2) (   2,    2) (   2,    2) (   2,    1) (   2,    2) (   2,    2) (   2,    2)
          (   2,    2) (   2,    2) (   2,    2) (   2,    1) (   2,    2) (   2,    2) (   2,    2) (   2,    2) (   2,    2) (   2,    2)
          (   2,    1) (   2,    2) (   2,    2) (   2,    2) (   2,    2) (   2,    2) (   2,    2) (   2,    1) (   2,    2) (   2,    2)
          (   2,    2) (   2,    2) (   2,    2) (   2,    2) (   2,    1) (   2,    2) (   2,    2) (   2,    2) (   2,    2) (   2,    2)
          (   2,    2) (   2,    1) (   2,    2) (   2,    2) (   2,    2) (   2,    2) (   2,    2) (   2,    2) (   2,    1) (   2,    2)
          (   2,    2) (   2,    2) (   2,    2) (   2,    2) (   2,    2) (   2,    1) (   2,    2) (   2,    2) (   2,    2) (   2,    2)
          (   2,    2) (   2,    2) (   2,    1) (   2,    2) (   2,    2) (   2,    2) (   2,    2) (   2,    2) (   2,    2) (   2,    1)
          (   2,    2) (   2,    2) (   2,    2) (   2,    2) (   2,    2) (   2,    2) (   2,    1) (   2,    2) (   2,    2) (   2,    2)
          (   2,    2) (   2,    2) (   2,    2) (   2,    1) (   2,    2) (   2,    2) (   2,    2) (   2,    2) (   2,    2) (   2,    2)
          (   2,    1) (   2,    2) (   2,    2) (   2,    2) (   2,    2) (   2,    2) (   2,    2) (   2,    1) (   2,    2) (   2,    2)
          (   2,    2) (   2,    2) (   2,    2) (   2,    2) (   2,    1) (   2,    2) (   2,    2) (   2,    2) (   2,    2) (   2,    2)
          (   2,    2) (   2,    1) (   2,    2) (   2,    2) (   2,    2) (   2,    2) (   2,    2) (   2,    2) (   2,    1) (   2,    2)
          (   2,    2) (   2,    2) (   2,    2) (   2,    2) (   2,    2) (   2,    1) (   2,    2) (   2,    2) (   2,    2) (   2,    2)
          (   2,    2) (   2,    2) (   2,    1) (   2,    2) (   2,    2) (   2,    2) (   2,    2) (   2,    2) (   2,    2) (   2,    1)
          (   2,    2) (   2,    2) (   2,    2) (   2,    2) (   2,    2) (   2,    2) (   2,    1) (   2,    2) (   2,    2) (   2,    2)
          (   2,    2) (   2,    2) (   2,    2) (   2,    1) (   2,    2) (   2,    2) (   2,    2) (   2,    2) (   2,    2) (   2,    2)
          (   2,    1) (   2,    2) (   2,    2) (   2,    2) (   2,    2) (   2,    2) (   2,    2) (   2,    1) (   2,    2) (   2,    2)
          (   2,    2) (   2,    2) (   2,    2) (   2,    2) (   2,    1) (   2,    2) (   2,    2) (   2,    2) (   2,    2) (   2,    2)
          (   2,    2) (   2,    1) (   2,    2) (   2,    2) (   2,    2) (   2,    2) (   2,    2) (   2,    2) (   2,    1) (   2,    2)
          (   2,    2) (   2,    2) (   2,    2) (   2,    2) (   2,    2) (   2,    1) (   2,    2) (   2,    2) (   2,    2) (   2,    2)
          (   2,    2) (   2,    2) (   2,    1) (   2,    1) (   2,    0) (   2,    2) (   2,    2) (   2,    0) (   2,    0) (   2,    2)
          (   2,    0) (   2,    0) (   2,    0) (   2,    0) (   2,    0) (   0,    0) (   0,    0) (   0,    0) (   0,    0) (   0,    0)
          (   0,    0) (   0,    0) (   2,    2) (   2,    0) (   2,    0) (   2,    0) (   2,    1) (   2,    1) (   2,    3) (   2,    1)
          (   2,    0) (   2,    2) (   2,    2) (   2,    2) (   2,    4) (   2,    2) (   2,    0) (   2,    2) (   2,    2) (   2,    2)
          (   2,    2) (   2,    2) (   2,    2) (   2,    0) (   2,    0) (   2,    2) (   2,    2) (   2,    2) (   2,    0) (   2,    0)
          (   2,    0) (   1,    0) (   1,    0) (   0,    0) (   0,    0) (   0,    0) (   0,    0) (   0,    0) (   2,    1) (   2,    0)
          (   2,    0) (   2,    0) (   2,    1) (   2,    3) (   2,    4) (   2,    3) (   2,    2) (   2,    2) (   2,    2) (   2,    1)
          (   2,    0) (   2,    0) (   2,    0) (   2,    0) (   2,    0) (   2,    2) (   2,    3) (   2,    3) (   2,    0) (   2,    0)
          (   2,    0) (   2,    0) (   2,    0) (   0,    0) (   2,    2) (   2,    1) (   2,    1) (   2,    0) (   2,    0) (   2,    0)
          (   2,    0) (   2,    1) (   2,    0) (   2,    1) (   2,    0) (   2,    0) (   2,    0) (   2,    0) (   2,    1) (   2,    0)
          (   2,    1) (   2,    0) (   2,    0) (   2,    0) (   2,    0) (   2,    1) (   2,    0) (   2,    1) (   2,    0) (   2,    0)
          (   2,    0) (   2,    0) (   2,    1) (   2,    0) (   2,    1) (   2,    0) (   2,    0) (   2,    0) (   2,    0) (   2,    1)
          (   2,    0) (   2,    1) (   2,    0) (   2,    0) (   2,    0) (   2,    0) (   2,    1) (   2,    0) (   2,    1) (   2,    0)
          (   2,    0) (   2,    0) (   2,    0) (   2,    1) (   2,    0) (   2,    1) (   2,    0) (   2,    0) (   2,    0) (   2,    0)
          (   2,    1) (   2,    0) (   2,    1) (   2,    0) (   2,    0) (   2,    0) (   2,    0) (   2,    1) (   2,    0) (   2,    1)
          (   2,    0) (   2,    0) (   2,    0) (   2,    0) (   2,    1) (   2,    0) (   2,    1) (   2,    0) (   2,    0) (   2,    0)
          (   2,    0) (   2,    1) (   2,    0) (   2,    1) (   2,    0) (   2,    0) (   2,    0) (   2,    0) (   2,    1) (   2,    0)
          (   2,    1) (   2,    0) (   2,    0) (   2,    0) (   2,    0) (   2,    1) (   2,    0) (   2,    1) (   2,    0) (   2,    0)
          (   2,    0) (   2,    0) (   2,    1) (   2,    0) (   2,    1) (   2,    0) (   2,    0) (   2,    0) (   2,    0) (   2,    1)
          (   2,    0) (   2,    1) (   2,    0) (   2,    0) (   2,    0) (   2,    0) (   2,    1) (   2,    0) (   2,    1) (   2,    0)
          (   2,    0) (   2,    0) (   2,    0) (   2,    1) (   2,    0) (   2,    1) (   2,    0) (   2,    0) (   2,    0) (   2,    0)
          (   2,    1) (   2,    0) (   2,    1) (   2,    0) (   2,    0) (   2,    0) (   2,    0) (   2,    1) (   2,    0) (   2,    1)
          (   2,    0) (   2,    0) (   2,    0) (   2,    0) (   2,    1) (   2,    0) (   2,    1) (   2,    0) (   2,    0) (   2,    0)
          (   2,    0) (   2,    1) (   2,    0) (   2,    1) (   2,    0) (   2,    0) (   2,    0) (   2,    0) (   2,    1) (   2,    0)
          (   2,    1) (   2,    0) (   2,    0) (   2,    0) (   2,    0) (   2,    1) (   2,    0) (   2,    1) (   2,    0) (   2,    0)
          (   2,    0) (   2,    0) (   2,    1) (   2,    0) (   2,    1) (   2,    0) (   2,    0) (   2,    0) (   2,    0) (   2,    1)
          (   2,    0) (   2,    1) (   2,    0) (   2,    0) (   2,    0) (   2,    0) (   2,    1) (   2,    0) (   2,    1) (   2,    0)
         
node   8 sent_total   1359  recv_total    952

node   9  (   0,    0) (   0,    0) (   1,    0) (   0,    0) (   1,    1) (   1,    0) (   1,    0) (   1,    0) (   0,    0) (   0,    0)
          (   0,    0) (   0,    0) (   0,    0) (   2,    1) (   2,    3) (   2,    3) (   2,    2) (   2,    4) (   2,    4) (   2,    1)
          (   2,    2) (   2,    3) (   2,    4) (   2,    3) (   2,    3) (   2,    3) (   2,    1) (   2,    3) (   2,    3) (   2,    3)
          (   2,    3) (   2,    4) (   2,    3) (   2,    3) (   2,    2) (   2,    0) (   2,    3) (   2,    2) (   2,    3) (   2,    4)
          (   2,    4) (   2,    4) (   2,    2) (   2,    3) (   2,    1) (   2,    2) (   2,    3) (   2,    2) (   2,    2) (   2,    0)
          (   2,    3) (   2,    1) (   2,    1) (   2,    4) (   2,    3) (   2,    3) (   2,    1) (   2,    4) (   2,    4) (   2,    0)
          (   2,    4) (   2,    3) (   2,    3) (   2,    1) (   2,    4) (   2,    2) (   2,    0) (   2,    2) (   2,    3) (   2,    3)
          (   2,    1) (   2,    4) (   2,    3) (   2,    3) (   2,    2) (   2,    2) (   2,    2) (   2,    0) (   2,    3) (   2,    2)
          (   2,    3) (   2,    2) (   2,    2) (   2,    2) (   2,    0) (   2,    2) (   2,    3) (   2,    3) (   2,    2) (   2,    3)
          (   2,    3) (   2,    3) (   2,    3) (   2,    4) (   2,    5) (   2,    3) (   2,    5) (   2,    5) (   2,    5) (   2,    3)
          (   1,    3) (   2,    4) (   2,    3) (   2,    3) (   2,    3) (   2,    3) (   2,    3) (   2,    2) (   2,    2) (   2,    0)
          (   2,    0) (   2,    0) (   2,    0) (   2,    0) (   0,    0) (   0,    0) (   2,    1) (   2,    2) (   2,    2) (   2,    1)
          (   2,    1) (   2,    1) (   2,    2) (   2,    4) (   2,    4) (   2,    0) (   2,    0) (   2,    0) (   2,    0) (   2,    3)
          (   2,    2) (   2,    0) (   2,    0) (   2,    2) (   2,    2) (   2,    0) (   2,    2) (   2,    2) (   2,    0) (   2,    0)
          (   2,    0) (   2,    0) (   2,    0) (   2,    2) (   2,    3) (   2,    4) (   2,    0) (   2,    1) (   2,    1) (   2,    1)
          (   2,    3) (   2,    1) (   2,    2) (   2,    4) (   2,    5) (   2,    3) (   2,    3) (   2,    2) (   2,    1) (   2,    1)
          (   2,    1) (   2,    3) (   2,    3) (   2,    3) (   2,    2) (   2,    0) (   2,    1) (   2,    0) (   2,    1) (   2,    1)
          (   2,    1) (   2,    1) (   2,    1) (   2,    1) (   2,    1) (   2,    2) (   2,    2) (   2,    2) (   2,    2) (   2,    3)
          (   2,    1) (   2,    0) (   2,    1) (   2,    2) (   2,    1) (   2,    1) (   2,    1) (   2,    2) (   2,    0) (   2,    0)
          (   2,    2) (   2,    1) (   2,    1) (   2,    1) (   2,    0) (   2,    2) (   2,    1) (   2,    1) (   2,    2) (   2,    2)
          (   2,    2) (   2,    3) (   2,    2) (   2,    0) (   2,    1) (   2,    1) (   2,    1) (   2,    1) (   2,    0) (   2,    3)
          (   2,    1) (   2,    1) (   2,    1) (   2,    1) (   2,    1) (   2,    1) (   2,    1) (   2,    0) (   2,    1) (   2,    1)
          (   2,    1) (   2,    1) (   2,    1) (   2,    3) (   2,    0) (   2,    1) (   2,    1) (   2,    1) (   2,    1) (   2,    1)
          (   2,    3) (   2,    0) (   2,    1) (   2,    1) (   2,    1) (   2,    1) (   2,    1) (   2,    3) (   2,    0) (   2,    1)
          (   2,    1) (   2,    1) (   2,    1) (   2,    1) (   2,    3) (   2,    0) (   2,    1) (   2,    1) (   2,    1) (   2,    1)
          (   2,    1) (   2,    3) (   2,    0) (   2,    1) (   2,    1) (   2,    1) (   2,    1) (   2,    1) (   2,    3) (   2,    0)
          (   2,    1) (   2,    1) (   2,    1) (   2,    1) (   2,    1) (   2,    3) (   2,    0) (   2,    1) (   2,    1) (   2,    1)
          (   2,    1) (   2,    1) (   2,    3) (   2,    0) (   2,    1) (   2,    1) (   2,    1) (   2,    1) (   2,    1) (   2,    3)
          (   2,    0) (   2,    1) (   2,    1) (   2,    1) (   2,    1) (   2,    1) (   2,    3) (   2,    0) (   2,    1) (   2,    1)
          (   2,    1) (   2,    1) (   2,    1) (   2,    3) (   2,    0) (   2,    1) (   2,    1) (   2,    1) (   2,    1) (   2,    1)
          (   2,    3) (   2,    0) (   2,    1) (   2,    1) (   2,    1) (   2,    1) (   2,    1) (   2,    3) (   2,    0) (   2,    1)
          (   2,    1) (   2,    1) (   2,    1) (   2,    1) (   2,    3) (   2,    0) (   2,    1) (   2,    1) (   2,    1) (   2,    1)
          (   2,    1) (   2,    3) (   2,    0) (   2,    1) (   2,    1) (   2,    1) (   2,    1) (   2,    1) (   2,    3) (   2,    0)
          (   2,    1) (   2,    1) (   2,    1) (   2,    1) (   2,    1) (   2,    3) (   2,    0) (   2,    1) (   2,    1) (   2,    1)
          (   2,    1) (   2,    1) (   2,    3) (   2,    0) (   2,    1) (   2,    1) (   2,    1) (   2,    1) (   2,    1) (   2,    3)
          (   2,    0) (   2,    1) (   2,    1) (   2,    1) (   2,    1) (   2,    1) (   2,    3) (   2,    0) (   2,    1) (   2,    1)
          (   2,    1) (   2,    1) (   2,    1) (   2,    3) (   2,    0) (   2,    1) (   2,    1) (   2,    1) (   2,    1) (   2,    1)
          (   2,    3) (   2,    0) (   2,    1) (   2,    1) (   2,    1) (   2,    1) (   2,    1) (   2,    3) (   2,    0) (   2,    1)
          (   2,    1) (   2,    1) (   2,    1) (   2,    1) (   2,    3) (   2,    0) (   2,    1) (   2,    1) (   2,    1) (   2,    1)
          (   2,    1) (   2,    3) (   2,    0) (   2,    1) (   2,    1) (   2,    1) (   2,    1) (   2,    1) (   2,    3) (   2,    0)
          (   2,    1) (   2,    1) (   2,    1) (   2,    1) (   2,    1) (   2,    3) (   2,    0) (   2,    1) (   2,    1) (   2,    1)
          (   2,    1) (   2,    1) (   2,    3) (   2,    0) (   2,    1) (   2,    1) (   2,    1) (   2,    1) (   2,    1) (   2,    3)
          (   2,    0) (   2,    1) (   2,    1) (   2,    1) (   2,    1) (   2,    1) (   2,    3) (   2,    0) (   2,    1) (   2,    1)
          (   2,    1) (   2,    1) (   2,    1) (   2,    2) (   2,    0) (   2,    0) (   2,    0) (   2,    4) (   2,    4) (   2,    0)
          (   2,    2) (   2,    0) (   2,    0) (   2,    0) (   2,    0) (   2,    2) (   2,    2) (   2,    4) (   2,    1) (   2,    1)
          (   2,    1) (   2,    0) (   2,    0) (   1,    0) (   2,    2) (   2,    1) (   2,    1) (   2,    1) (   2,    1) (   2,    1)
          (   2,    1) (   2,    3) (   2,    2) (   2,    1) (   2,    0) (   2,    2) (   2,    2) (   2,    1) (   2,    3) (   2,    1)
          (   2,    1) (   2,    0) (   2,    0) (   2,    4) (   2,    2) (   2,    4) (   2,    2) (   2,    2) (   2,    4) (   2,    1)
          (   2,    1) (   2,    0) (   2,    2) (   2,    0) (   2,    0) (   2,    2) (   2,    0) (   2,    1) (   2,    2) (   2,    3)
          (   2,    1) (   2,    1) (   2,    3) (   2,    0) (   2,    0) (   2,    0) (   2,    0) (   2,    0) (   0,    0) (   0,    0)
          (   2,    1) (   2,    0) (   2,    0) (   2,    0) (   2,    0) (   2,    1) (   2,    0) (   2,    1) (   2,    2) (   2,    2)
          (   2,    2) (   2,    2) (   2,    3) (   2,    1) (   2,    0) (   2,    0) (   2,    2) (   2,    2) (   2,    2) (   2,    2)
          (   2,    2) (   2,    3) (   2,    2) (   2,    3) (   2,    2) (   2,    2) (   2,    2) (   2,    2) (   2,    3) (   2,    1)
          (   2,    3) (   2,    2) (   2,    2) (   2,    2) (   2,    2) (   2,    3) (   2,    1) (   2,    3) (   2,    2) (   2,    2)
          (   2,    2) (   2,    2) (   2,    3) (   2,    1) (   2,    3) (   2,    2) (   2,    2) (   2,    2) (   2,    2) (   2,    3)
          (   2,    1) (   2,    3) (   2,    2) (   2,    2) (   2,    2) (   2,    2) (   2,    3) (   2,    1) (   2,    3) (   2,    2)
          (   2,    2) (   2,    2) (   2,    2) (   2,    3) (   2,    1) (   2,    3) (   2,    2) (   2,    2) (   2,    2) (   2,    2)
          (   2,    3) (   2,    1) (   2,    3) (   2,    2) (   2,    2) (   2,    2) (   2,    2) (   2,    3) (   2,    1) (   2,    3)
          (   2,    2) (   2,    2) (   2,    2) (   2,    2) (   2,    3) (   2,    1) (   2,    3) (   2,    2) (   2,    2) (   2,    2)
          (   2,    2) (   2,    3) (   2,    1) (   2,    3) (   2,    2) (   2,    2) (   2,    2) (   2,    2) (   2,    3) (   2,    1)
          (   2,    3) (   2,    2) (   2,    2) (   2,    2) (   2,    2) (   2,    3) (   2,    1) (   2,    3) (   2,    2) (   2,    2)
          (   2,    2) (   2,    2) (   2,    3) (   2,    1) (   2,    3) (   2,    2) (   2,    2) (   2,    2) (   2,    2) (   2,    3)
          (   2,    1) (   2,    3) (   2,    2) (   2,    2) (   2,    2) (   2,    2) (   2,    3) (   2,    1) (   2,    3) (   2,    2)
          (   2,    2) (   2,    2) (   2,    2) (   2,    3) (   2,    1) (   2,    3) (   2,    2) (   2,    2) (   2,    2) (   2,    2)
          (   2,    3) (   2,    1) (   2,    3) (   2,    2) (   2,    2) (   2,    2) (   2,    2) (   2,    3) (   2,    1) (   2,    3)
          (   2,    2) (   2,    2) (   2,    2) (   2,    2) (   2,    3) (   2,    1) (   2,    3) (   2,    2) (   2,    2) (   2,    2)
          (   2,    2) (   2,    3) (   2,    1) (   2,    3) (   2,    2) (   2,    2) (   2,    2) (   2,    2) (   2,    3) (   2,    1)
          (   2,    3) (   2,    2) (   2,    2) (   2,    2) (   2,    2) (   2,    3) (   2,    1) (   2,    3) (   2,    2) (   2,    2)
          (   2,    2) (   2,    2) (   2,    3) (   2,    1) (   2,    3) (   2,    2) (   2,    2) (   2,    2) (   2,    2) (   2,    3)
          (   2,    1) (   2,    3) (   2,    2) (   2,    2) (   2,    2) (   2,    2) (   2,    3) (   2,    1) (   2,    3) (   2,    2)
         
node   9 sent_total   1369  recv_total   1134

node  10  (   0,    0) (   0,    0) (   1,    0) (   0,    0) (   2,    2) (   2,    1) (   2,    1) (   2,    0) (   2,    0) (   2,    0)
          (   2,    0) (   2,    0) (   0,    0) (   0,    0) (   0,    0) (   0,    0) (   0,    0) (   0,    0) (   0,    0) (   0,    0)
          (   0,    0) (   0,    0) (   0,    0) (   0,    0) (   0,    0) (   0,    0) (   0,    0) (   0,    0) (   0,    0) (   0,    0)
          (   0,    0) (   0,    0) (   0,    0) (   0,    0) (   0,    0) (   0,    0) (   0,    0) (   0,    0) (   0,    0) (   0,    0)
          (   0,    0) (   0,    0) (   0,    0) (   0,    0) (   0,    0) (   0,    0) (   0,    0) (   0,    0) (   0,    0) (   0,    0)
          (   0,    0) (   0,    0) (   0,    0) (   0,    0) (   0,    0) (   0,    0) (   0,    0) (   0,    0) (   0,    0) (   0,    0)
          (   0,    0) (   0,    0) (   0,    0) (   0,    0) (   0,    0) (   0,    0) (   0,    0) (   0,    0) (   0,    0) (   0,    0)
          (   0,    0) (   0,    0) (   0,    0) (   0,    0) (   0,    0) (   0,    0) (   0,    0) (   0,    0) (   0,    0) (   0,    0)
          (   0,    0) (   0,    0) (   0,    0) (   0,    0) (   0,    0) (   0,    0) (   0,    0) (   0,    0) (   0,    0) (   0,    0)
          (   0,    0) (   0,    0) (   0,    0) (   0,    0) (   0,    0) (   0,    0) (   0,    0) (   0,    0) (   0,    0) (   0,    0)
          (   0,    0) (   0,    0) (   0,    0) (   0,    0) (   0,    0) (   2,    1) (   2,    3) (   2,    2) (   2,    3) (   2,    1)
          (   2,    1) (   2,    1) (   2,    1) (   2,    1) (   2,    0) (   2,    0) (   2,    3) (   2,    1) (   2,    0) (   2,    0)
          (   2,    0) (   2,    0) (   2,    3) (   2,    2) (   2,    2) (   2,    2) (   2,    0) (   2,    0) (   2,    0) (   1,    0)
          (   1,    0) (   0,    0) (   2,    4) (   2,    2) (   2,    0) (   2,    2) (   2,    0) (   2,    2) (   2,    4) (   2,    3)
          (   2,    0) (   2,    0) (   2,    2) (   2,    0) (   2,    2) (   2,    0) (   2,    2) (   2,    0) (   2,    0) (   2,    2)
          (   2,    2) (   2,    1) (   2,    1) (   2,    4) (   2,    0) (   2,    0) (   2,    0) (   2,    0) (   2,    0) (   0,    0)
          (   2,    2) (   2,    0) (   2,    0) (   2,    0) (   2,    0) (   2,    2) (   2,    0) (   2,    2) (   2,    0) (   2,    0)
          (   2,    0) (   2,    0) (   2,    0) (   0,    0) (   2,    2) (   2,    0) (   2,    0) (   2,    0) (   2,    0) (   2,    0)
          (   2,    1) (   2,    3) (   2,    0) (   2,    0) (   2,    0) (   2,    0) (   2,    0) (   2,    3) (   2,    3) (   2,    2)
          (   2,    0) (   2,    0) (   2,    0) (   2,    0) (   2,    2) (   2,    0) (   2,    1) (   2,    1) (   2,    0) (   2,    0)
          (   2,    0) (   2,    0) (   2,    0) (   2,    2) (   2,    0) (   2,    0) (   2,    0) (   2,    0) (   2,    1) (   2,    0)
          (   2,    2) (   2,    0) (   2,    0) (   2,    0) (   2,    0) (   2,    2) (   2,    0) (   2,    2) (   2,    0) (   2,    0)
          (   2,    0) (   2,    0) (   2,    2) (   2,    0) (   2,    2) (   2,    0) (   2,    0) (   2,    0) (   2,    0) (   2,    2)
          (   2,    0) (   2,    2) (   2,    0) (   2,    0) (   2,    0) (   2,    0) (   2,    2) (   2,    0) (   2,    2) (   2,    0)
          (   2,    0) (   2,    0) (   2,    0) (   2,    2) (   2,    0) (   2,    2) (   2,    0) (   2,    0) (   2,    0) (   2,    0)
          (   2,    2) (   2,    0) (   2,    2) (   2,    0) (   2,    0) (   2,    0) (   2,    0) (   2,    2) (   2,    0) (   2,    2)
          (   2,    0) (   2,    0) (   2,    0) (   2,    0) (   2,    2) (   2,    0) (   2,    2) (   2,    0) (   2,    0) (   2,    0)
          (   2,    0) (   2,    2) (   2,    0) (   2,    2) (   2,    0) (   2,    0) (   2,    0) (   2,    0) (   2,    2) (   2,    0)
          (   2,    2) (   2,    0) (   2,    0) (   2,    0) (   2,    0) (   2,    2) (   2,    0) (   2,    2) (   2,    0) (   2,    0)
          (   2,    0) (   2,    0) (   2,    2) (   2,    0) (   2,    2) (   2,    0) (   2,    0) (   2,    0) (   2,    0) (   2,    2)
          (   2,    0) (   2,    2) (   2,    0) (   2,    0) (   2,    0) (   2,    0) (   2,    2) (   2,    0) (   2,    2) (   2,    0)
          (   2,    0) (   2,    0) (   2,    0) (   2,    2) (   2,    0) (   2,    2) (   2,    0) (   2,    0) (   2,    0) (   2,    0)
          (   2,    2) (   2,    0) (   2,    2) (   2,    0) (   2,    0) (   2,    0) (   2,    0) (   2,    2) (   2,    0) (   2,    2)
          (   2,    0) (   2,    0) (   2,    0) (   2,    0) (   2,    2) (   2,    0) (   2,    2) (   2,    0) (   2,    0) (   2,    0)
          (   2,    0) (   2,    2) (   2,    0) (   2,    2) (   2,    0) (   2,    0) (   2,    0) (   2,    0) (   2,    2) (   2,    0)
          (   2,    2) (   2,    0) (   2,    0) (   2,    0) (   2,    0) (   2,    2) (   2,    0) (   2,    2) (   2,    0) (   2,    0)
          (   2,    0) (   2,    0) (   2,    2) (   2,    0) (   2,    2) (   2,    0) (   2,    0) (   2,    0) (   2,    0) (   2,    2)
          (   2,    0) (   2,    2) (   2,    0) (   2,    0) (   2,    0) (   2,    0) (   2,    2) (   2,    0) (   2,    2) (   2,    0)
          (   2,    0) (   2,    0) (   2,    0) (   2,    2) (   2,    0) (   2,    2) (   2,    0) (   2,    0) (   2,    0) (   2,    0)
          (   2,    2) (   2,    0) (   2,    2) (   2,    0) (   2,    0) (   2,    0) (   2,    0) (   2,    2) (   2,    0) (   2,    2)
          (   2,    0) (   2,    0) (   2,    0) (   2,    0) (   2,    2) (   2,    0) (   2,    2) (   2,    0) (   2,    0) (   2,    0)
          (   2,    0) (   2,    2) (   2,    0) (   2,    2) (   2,    0) (   2,    0) (   2,    0) (   2,    0) (   2,    2) (   2,    0)
          (   2,    2) (   2,    0) (   2,    0) (   2,    0) (   2,    0) (   2,    2) (   2,    0) (   2,    2) (   2,    0) (   2,    0)
          (   2,    0) (   2,    0) (   2,    2) (   2,    2) (   2,    2) (   2,    1) (   2,    1) (   2,    2) (   2,    1) (   2,    1)
          (   2,    1) (   2,    1) (   2,    1) (   2,    1) (   2,    1) (   2,    0) (   2,    0) (   1,    0) (   1,    0) (   1,    0)
          (   0,    0) (   0,    0) (   0,    0) (   0,    0) (   1,    1) (   1,    0) (   2,    2) (   2,    2) (   2,    2) (   2,    3)
          (   2,    2) (   2,    0) (   2,    0) (   2,    0) (   2,    2) (   2,    0) (   2,    0) (   2,    2) (   2,    2) (   2,    2)
          (   2,    2) (   2,    2) (   2,    0) (   2,    1) (   2,    2) (   2,    2) (   2,    4) (   2,    4) (   2,    3) (   2,    1)
          (   2,    0) (   2,    1) (   2,    0) (   2,    2) (   2,    2) (   2,    2) (   2,    3) (   2,    2) (   2,    2) (   2,    3)
          (   2,    3) (   2,    3) (   2,    3) (   2,    3) (   2,    4) (   2,    2) (   2,    2) (   2,    2) (   2,    2) (   2,    2)
          (   2,    3) (   2,    5) (   2,    4) (   2,    3) (   2,    3) (   2,    2) (   2,    3) (   2,    3) (   2,    4) (   2,    3)
          (   2,    2) (   2,    2) (   2,    4) (   2,    3) (   2,    1) (   2,    1) (   2,    3) (   2,    3) (   2,    1) (   2,    3)
          (   2,    2) (   2,    1) (   2,    1) (   2,    3) (   2,    3) (   2,    1) (   2,    3) (   2,    2) (   2,    1) (   2,    1)
          (   2,    3) (   2,    3) (   2,    1) (   2,    3) (   2,    2) (   2,    1) (   2,    1) (   2,    3) (   2,    3) (   2,    1)
          (   2,    3) (   2,    2) (   2,    1) (   2,    1) (   2,    3) (   2,    3) (   2,    1) (   2,    3) (   2,    2) (   2,    1)
          (   2,    1) (   2,    3) (   2,    3) (   2,    1) (   2,    3) (   2,    2) (   2,    1) (   2,    1) (   2,    3) (   2,    3)
          (   2,    1) (   2,    3) (   2,    2) (   2,    1) (   2,    1) (   2,    3) (   2,    3) (   2,    1) (   2,    3) (   2,    2)
          (   2,    1) (   2,    1) (   2,    3) (   2,    3) (   2,    1) (   2,    3) (   2,    2) (   2,    1) (   2,    1) (   2,    3)
          (   2,    3) (   2,    1) (   2,    3) (   2,    2) (   2,    1) (   2,    1) (   2,    3) (   2,    3) (   2,    1) (   2,    3)
          (   2,    2) (   2,    1) (   2,    1) (   2,    3) (   2,    3) (   2,    1) (   2,    3) (   2,    2) (   2,    1) (   2,    1)
          (   2,    3) (   2,    3) (   2,    1) (   2,    3) (   2,    2) (   2,    1) (   2,    1) (   2,    3) (   2,    3) (   2,    1)
          (   2,    3) (   2,    2) (   2,    1) (   2,    1) (   2,    3) (   2,    3) (   2,    1) (   2,    3) (   2,    2) (   2,    1)
          (   2,    1) (   2,    3) (   2,    3) (   2,    1) (   2,    3) (   2,    2) (   2,    1) (   2,    1) (   2,    3) (   2,    3)
          (   2,    1) (   2,    3) (   2,    2) (   2,    1) (   2,    1) (   2,    3) (   2,    3) (   2,    1) (   2,    3) (   2,    2)
          (   2,    1) (   2,    1) (   2,    3) (   2,    3) (   2,    1) (   2,    3) (   2,    2) (   2,    1) (   2,    1) (   2,    3)
          (   2,    3) (   2,    1) (   2,    3) (   2,    2) (   2,    1) (   2,    1) (   2,    3) (   2,    3) (   2,    1) (   2,    3)
          (   2,    2) (   2,    1) (   2,    1) (   2,    3) (   2,    3) (   2,    1) (   2,    3) (   2,    2) (   2,    1) (   2,    1)
          (   2,    3) (   2,    3) (   2,    1) (   2,    3) (   2,    2) (   2,    1) (   2,    1) (   2,    3) (   2,    3) (   2,    1)
          (   2,    3) (   2,    2) (   2,    1) (   2,    1) (   2,    3) (   2,    3) (   2,    1) (   2,    3) (   2,    2) (   2,    1)
          (   2,    1) (   2,    3) (   2,    3) (   2,    1) (   2,    3) (   2,    2) (   2,    1) (   2,    1) (   2,    3) (   2,    3)
         
node  10 sent_total   1186  recv_total    734

